This is pdfTeX, Version 3.14159265-2.6-1.40.16 (TeX Live 2015) (preloaded format=pdflatex 2015.5.24)  11 FEB 2017 17:25
entering extended mode
 restricted \write18 enabled.
 %&-line parsing enabled.
**nearestStars.tex
(./nearestStars.tex
LaTeX2e <2015/01/01>
Babel <3.9l> and hyphenation patterns for 79 languages loaded.
(./mnras.cls
Document Class: mnras 2015/05/22\ v3.0\ LaTeX2e MNRAS document class
MNRAS document style v3.0, released 2015/05/22

Package mnras Warning: Unknown option `a4paper' on input line 113.

(/usr/local/texlive/2015/texmf-dist/tex/latex/geometry/geometry.sty
Package: geometry 2010/09/12 v5.6 Page Geometry

(/usr/local/texlive/2015/texmf-dist/tex/latex/graphics/keyval.sty
Package: keyval 2014/10/28 v1.15 key=value parser (DPC)
\KV@toks@=\toks14
)
(/usr/local/texlive/2015/texmf-dist/tex/generic/oberdiek/ifpdf.sty
Package: ifpdf 2011/01/30 v2.3 Provides the ifpdf switch (HO)
Package ifpdf Info: pdfTeX in PDF mode is detected.
)
(/usr/local/texlive/2015/texmf-dist/tex/generic/oberdiek/ifvtex.sty
Package: ifvtex 2010/03/01 v1.5 Detect VTeX and its facilities (HO)
Package ifvtex Info: VTeX not detected.
)
(/usr/local/texlive/2015/texmf-dist/tex/generic/ifxetex/ifxetex.sty
Package: ifxetex 2010/09/12 v0.6 Provides ifxetex conditional
)
\Gm@cnth=\count79
\Gm@cntv=\count80
\c@Gm@tempcnt=\count81
\Gm@bindingoffset=\dimen102
\Gm@wd@mp=\dimen103
\Gm@odd@mp=\dimen104
\Gm@even@mp=\dimen105
\Gm@layoutwidth=\dimen106
\Gm@layoutheight=\dimen107
\Gm@layouthoffset=\dimen108
\Gm@layoutvoffset=\dimen109
\Gm@dimlist=\toks15
)
(/usr/local/texlive/2015/texmf-dist/tex/latex/base/fixltx2e.sty
Package: fixltx2e 2015/02/21 v2.0a fixes to LaTeX (obsolete)


Package fixltx2e Warning: fixltx2e is not required with releases after 2015
(fixltx2e)                All fixes are now in the LaTeX kernel.
(fixltx2e)                See the latexrelease package for details.

) (/usr/local/texlive/2015/texmf-dist/tex/latex/hyperref/hyperref.sty
Package: hyperref 2012/11/06 v6.83m Hypertext links for LaTeX

(/usr/local/texlive/2015/texmf-dist/tex/generic/oberdiek/hobsub-hyperref.sty
Package: hobsub-hyperref 2012/05/28 v1.13 Bundle oberdiek, subset hyperref (HO)


(/usr/local/texlive/2015/texmf-dist/tex/generic/oberdiek/hobsub-generic.sty
Package: hobsub-generic 2012/05/28 v1.13 Bundle oberdiek, subset generic (HO)
Package: hobsub 2012/05/28 v1.13 Construct package bundles (HO)
Package: infwarerr 2010/04/08 v1.3 Providing info/warning/error messages (HO)
Package: ltxcmds 2011/11/09 v1.22 LaTeX kernel commands for general use (HO)
Package: ifluatex 2010/03/01 v1.3 Provides the ifluatex switch (HO)
Package ifluatex Info: LuaTeX not detected.
Package hobsub Info: Skipping package `ifvtex' (already loaded).
Package: intcalc 2007/09/27 v1.1 Expandable calculations with integers (HO)
Package hobsub Info: Skipping package `ifpdf' (already loaded).
Package: etexcmds 2011/02/16 v1.5 Avoid name clashes with e-TeX commands (HO)
Package etexcmds Info: Could not find \expanded.
(etexcmds)             That can mean that you are not using pdfTeX 1.50 or
(etexcmds)             that some package has redefined \expanded.
(etexcmds)             In the latter case, load this package earlier.
Package: kvsetkeys 2012/04/25 v1.16 Key value parser (HO)
Package: kvdefinekeys 2011/04/07 v1.3 Define keys (HO)
Package: pdftexcmds 2011/11/29 v0.20 Utility functions of pdfTeX for LuaTeX (HO
)
Package pdftexcmds Info: LuaTeX not detected.
Package pdftexcmds Info: \pdf@primitive is available.
Package pdftexcmds Info: \pdf@ifprimitive is available.
Package pdftexcmds Info: \pdfdraftmode found.
Package: pdfescape 2011/11/25 v1.13 Implements pdfTeX's escape features (HO)
Package: bigintcalc 2012/04/08 v1.3 Expandable calculations on big integers (HO
)
Package: bitset 2011/01/30 v1.1 Handle bit-vector datatype (HO)
Package: uniquecounter 2011/01/30 v1.2 Provide unlimited unique counter (HO)
)
Package hobsub Info: Skipping package `hobsub' (already loaded).
Package: letltxmacro 2010/09/02 v1.4 Let assignment for LaTeX macros (HO)
Package: hopatch 2012/05/28 v1.2 Wrapper for package hooks (HO)
Package: xcolor-patch 2011/01/30 xcolor patch
Package: atveryend 2011/06/30 v1.8 Hooks at the very end of document (HO)
Package atveryend Info: \enddocument detected (standard20110627).
Package: atbegshi 2011/10/05 v1.16 At begin shipout hook (HO)
Package: refcount 2011/10/16 v3.4 Data extraction from label references (HO)
Package: hycolor 2011/01/30 v1.7 Color options for hyperref/bookmark (HO)
)
(/usr/local/texlive/2015/texmf-dist/tex/latex/oberdiek/auxhook.sty
Package: auxhook 2011/03/04 v1.3 Hooks for auxiliary files (HO)
)
(/usr/local/texlive/2015/texmf-dist/tex/latex/oberdiek/kvoptions.sty
Package: kvoptions 2011/06/30 v3.11 Key value format for package options (HO)
)
\@linkdim=\dimen110
\Hy@linkcounter=\count82
\Hy@pagecounter=\count83

(/usr/local/texlive/2015/texmf-dist/tex/latex/hyperref/pd1enc.def
File: pd1enc.def 2012/11/06 v6.83m Hyperref: PDFDocEncoding definition (HO)
)
\Hy@SavedSpaceFactor=\count84

(/usr/local/texlive/2015/texmf-dist/tex/latex/latexconfig/hyperref.cfg
File: hyperref.cfg 2002/06/06 v1.2 hyperref configuration of TeXLive
)
Package hyperref Info: Hyper figures OFF on input line 4443.
Package hyperref Info: Link nesting OFF on input line 4448.
Package hyperref Info: Hyper index ON on input line 4451.
Package hyperref Info: Plain pages OFF on input line 4458.
Package hyperref Info: Backreferencing OFF on input line 4463.
Package hyperref Info: Implicit mode ON; LaTeX internals redefined.
Package hyperref Info: Bookmarks ON on input line 4688.
\c@Hy@tempcnt=\count85

(/usr/local/texlive/2015/texmf-dist/tex/latex/url/url.sty
\Urlmuskip=\muskip10
Package: url 2013/09/16  ver 3.4  Verb mode for urls, etc.
)
LaTeX Info: Redefining \url on input line 5041.
\XeTeXLinkMargin=\dimen111
\Fld@menulength=\count86
\Field@Width=\dimen112
\Fld@charsize=\dimen113
Package hyperref Info: Hyper figures OFF on input line 6295.
Package hyperref Info: Link nesting OFF on input line 6300.
Package hyperref Info: Hyper index ON on input line 6303.
Package hyperref Info: backreferencing OFF on input line 6310.
Package hyperref Info: Link coloring OFF on input line 6315.
Package hyperref Info: Link coloring with OCG OFF on input line 6320.
Package hyperref Info: PDF/A mode OFF on input line 6325.
LaTeX Info: Redefining \ref on input line 6365.
LaTeX Info: Redefining \pageref on input line 6369.


Package hyperref Warning: Option `pdfpagelabels' is turned off
(hyperref)                because \thepage is undefined.

\c@Item=\count87
\c@Hfootnote=\count88
)

Package hyperref Message: Driver (autodetected): hpdftex.

(/usr/local/texlive/2015/texmf-dist/tex/latex/hyperref/hpdftex.def
File: hpdftex.def 2012/11/06 v6.83m Hyperref driver for pdfTeX
\Fld@listcount=\count89
\c@bookmark@seq@number=\count90

(/usr/local/texlive/2015/texmf-dist/tex/latex/oberdiek/rerunfilecheck.sty
Package: rerunfilecheck 2011/04/15 v1.7 Rerun checks for auxiliary files (HO)
Package uniquecounter Info: New unique counter `rerunfilecheck' on input line 2
82.
)
\Hy@SectionHShift=\skip41
)
Package hyperref Info: Option `colorlinks' set `true' on input line 123.
\math@groups=\toks16
LaTeX Font Info:    Overwriting symbol font `symbols' in version `bold'
(Font)                  OMS/cmsy/b/n --> OMS/cmsy/b/n on input line 276.
\symbmisymbols=\mathgroup4
\SFB@measure=\dimen114
\realparindent=\skip42
\c@part=\count91
\c@section=\count92
\c@subsection=\count93
\c@subsubsection=\count94
\c@paragraph=\count95
\c@subparagraph=\count96
\@indentskip=\skip43
\smallindent=\skip44
\@footindent=\skip45
\@leftskip=\skip46

(/usr/local/texlive/2015/texmf-dist/tex/latex/natbib/natbib.sty
Package: natbib 2010/09/13 8.31b (PWD, AO)
\bibhang=\skip47
\bibsep=\skip48
LaTeX Info: Redefining \cite on input line 694.
\c@NAT@ctr=\count97
)
\c@table=\count98
\c@figure=\count99
)
(/usr/local/texlive/2015/texmf-dist/tex/latex/newtx/newtxtext.sty
Package: newtxtext 2015/05/01 v1.437

`newtxtext' v1.437, 2015/05/01 Text macros taking advantage of TeX-Gyre Termes 
fonts (msharpe)
(/usr/local/texlive/2015/texmf-dist/tex/latex/fontaxes/fontaxes.sty
Package: fontaxes 2014/03/23 v1.0d Font selection axes
LaTeX Info: Redefining \upshape on input line 29.
LaTeX Info: Redefining \itshape on input line 31.
LaTeX Info: Redefining \slshape on input line 33.
LaTeX Info: Redefining \scshape on input line 37.
)
\ntx@fs=\dimen115

(/usr/local/texlive/2015/texmf-dist/tex/latex/xkeyval/xkeyval.sty
Package: xkeyval 2014/12/03 v2.7a package option processing (HA)

(/usr/local/texlive/2015/texmf-dist/tex/generic/xkeyval/xkeyval.tex
(/usr/local/texlive/2015/texmf-dist/tex/generic/xkeyval/xkvutils.tex
\XKV@toks=\toks17
\XKV@tempa@toks=\toks18
)
\XKV@depth=\count100
File: xkeyval.tex 2014/12/03 v2.7a key=value parser (HA)
))
(/usr/local/texlive/2015/texmf-dist/tex/latex/etoolbox/etoolbox.sty
Package: etoolbox 2015/05/04 v2.2 e-TeX tools for LaTeX (JAW)
\etb@tempcnta=\count101
)
(/usr/local/texlive/2015/texmf-dist/tex/latex/base/fontenc.sty
Package: fontenc 2005/09/27 v1.99g Standard LaTeX package

(/usr/local/texlive/2015/texmf-dist/tex/latex/base/t1enc.def
File: t1enc.def 2005/09/27 v1.99g Standard LaTeX file
LaTeX Font Info:    Redeclaring font encoding T1 on input line 48.
))
(/usr/local/texlive/2015/texmf-dist/tex/latex/base/textcomp.sty
Package: textcomp 2005/09/27 v1.99g Standard LaTeX package
Package textcomp Info: Sub-encoding information:
(textcomp)               5 = only ISO-Adobe without \textcurrency
(textcomp)               4 = 5 + \texteuro
(textcomp)               3 = 4 + \textohm
(textcomp)               2 = 3 + \textestimated + \textcurrency
(textcomp)               1 = TS1 - \textcircled - \t
(textcomp)               0 = TS1 (full)
(textcomp)             Font families with sub-encoding setting implement
(textcomp)             only a restricted character set as indicated.
(textcomp)             Family '?' is the default used for unknown fonts.
(textcomp)             See the documentation for details.
Package textcomp Info: Setting ? sub-encoding to TS1/1 on input line 79.
Package textcomp Info: Changing ? sub-encoding to TS1/0 on input line 80.

(/usr/local/texlive/2015/texmf-dist/tex/latex/base/ts1enc.def
File: ts1enc.def 2001/06/05 v3.0e (jk/car/fm) Standard LaTeX file
)
LaTeX Info: Redefining \oldstylenums on input line 334.
Package textcomp Info: Setting cmr sub-encoding to TS1/0 on input line 349.
Package textcomp Info: Setting cmss sub-encoding to TS1/0 on input line 350.
Package textcomp Info: Setting cmtt sub-encoding to TS1/0 on input line 351.
Package textcomp Info: Setting cmvtt sub-encoding to TS1/0 on input line 352.
Package textcomp Info: Setting cmbr sub-encoding to TS1/0 on input line 353.
Package textcomp Info: Setting cmtl sub-encoding to TS1/0 on input line 354.
Package textcomp Info: Setting ccr sub-encoding to TS1/0 on input line 355.
Package textcomp Info: Setting ptm sub-encoding to TS1/4 on input line 356.
Package textcomp Info: Setting pcr sub-encoding to TS1/4 on input line 357.
Package textcomp Info: Setting phv sub-encoding to TS1/4 on input line 358.
Package textcomp Info: Setting ppl sub-encoding to TS1/3 on input line 359.
Package textcomp Info: Setting pag sub-encoding to TS1/4 on input line 360.
Package textcomp Info: Setting pbk sub-encoding to TS1/4 on input line 361.
Package textcomp Info: Setting pnc sub-encoding to TS1/4 on input line 362.
Package textcomp Info: Setting pzc sub-encoding to TS1/4 on input line 363.
Package textcomp Info: Setting bch sub-encoding to TS1/4 on input line 364.
Package textcomp Info: Setting put sub-encoding to TS1/5 on input line 365.
Package textcomp Info: Setting uag sub-encoding to TS1/5 on input line 366.
Package textcomp Info: Setting ugq sub-encoding to TS1/5 on input line 367.
Package textcomp Info: Setting ul8 sub-encoding to TS1/4 on input line 368.
Package textcomp Info: Setting ul9 sub-encoding to TS1/4 on input line 369.
Package textcomp Info: Setting augie sub-encoding to TS1/5 on input line 370.
Package textcomp Info: Setting dayrom sub-encoding to TS1/3 on input line 371.
Package textcomp Info: Setting dayroms sub-encoding to TS1/3 on input line 372.

Package textcomp Info: Setting pxr sub-encoding to TS1/0 on input line 373.
Package textcomp Info: Setting pxss sub-encoding to TS1/0 on input line 374.
Package textcomp Info: Setting pxtt sub-encoding to TS1/0 on input line 375.
Package textcomp Info: Setting txr sub-encoding to TS1/0 on input line 376.
Package textcomp Info: Setting txss sub-encoding to TS1/0 on input line 377.
Package textcomp Info: Setting txtt sub-encoding to TS1/0 on input line 378.
Package textcomp Info: Setting lmr sub-encoding to TS1/0 on input line 379.
Package textcomp Info: Setting lmdh sub-encoding to TS1/0 on input line 380.
Package textcomp Info: Setting lmss sub-encoding to TS1/0 on input line 381.
Package textcomp Info: Setting lmssq sub-encoding to TS1/0 on input line 382.
Package textcomp Info: Setting lmvtt sub-encoding to TS1/0 on input line 383.
Package textcomp Info: Setting lmtt sub-encoding to TS1/0 on input line 384.
Package textcomp Info: Setting qhv sub-encoding to TS1/0 on input line 385.
Package textcomp Info: Setting qag sub-encoding to TS1/0 on input line 386.
Package textcomp Info: Setting qbk sub-encoding to TS1/0 on input line 387.
Package textcomp Info: Setting qcr sub-encoding to TS1/0 on input line 388.
Package textcomp Info: Setting qcs sub-encoding to TS1/0 on input line 389.
Package textcomp Info: Setting qpl sub-encoding to TS1/0 on input line 390.
Package textcomp Info: Setting qtm sub-encoding to TS1/0 on input line 391.
Package textcomp Info: Setting qzc sub-encoding to TS1/0 on input line 392.
Package textcomp Info: Setting qhvc sub-encoding to TS1/0 on input line 393.
Package textcomp Info: Setting futs sub-encoding to TS1/4 on input line 394.
Package textcomp Info: Setting futx sub-encoding to TS1/4 on input line 395.
Package textcomp Info: Setting futj sub-encoding to TS1/4 on input line 396.
Package textcomp Info: Setting hlh sub-encoding to TS1/3 on input line 397.
Package textcomp Info: Setting hls sub-encoding to TS1/3 on input line 398.
Package textcomp Info: Setting hlst sub-encoding to TS1/3 on input line 399.
Package textcomp Info: Setting hlct sub-encoding to TS1/5 on input line 400.
Package textcomp Info: Setting hlx sub-encoding to TS1/5 on input line 401.
Package textcomp Info: Setting hlce sub-encoding to TS1/5 on input line 402.
Package textcomp Info: Setting hlcn sub-encoding to TS1/5 on input line 403.
Package textcomp Info: Setting hlcw sub-encoding to TS1/5 on input line 404.
Package textcomp Info: Setting hlcf sub-encoding to TS1/5 on input line 405.
Package textcomp Info: Setting pplx sub-encoding to TS1/3 on input line 406.
Package textcomp Info: Setting pplj sub-encoding to TS1/3 on input line 407.
Package textcomp Info: Setting ptmx sub-encoding to TS1/4 on input line 408.
Package textcomp Info: Setting ptmj sub-encoding to TS1/4 on input line 409.
))
(/usr/local/texlive/2015/texmf-dist/tex/latex/newtx/newtxmath.sty
Package: newtxmath 2015/05/01 v1.437

`newtxmath' v1.437, 2015/05/01 Math macros based on txfonts (msharpe)
(/usr/local/texlive/2015/texmf-dist/tex/latex/amsmath/amsmath.sty
Package: amsmath 2013/01/14 v2.14 AMS math features
\@mathmargin=\skip49

For additional information on amsmath, use the `?' option.
(/usr/local/texlive/2015/texmf-dist/tex/latex/amsmath/amstext.sty
Package: amstext 2000/06/29 v2.01

(/usr/local/texlive/2015/texmf-dist/tex/latex/amsmath/amsgen.sty
File: amsgen.sty 1999/11/30 v2.0
\@emptytoks=\toks19
\ex@=\dimen116
))
(/usr/local/texlive/2015/texmf-dist/tex/latex/amsmath/amsbsy.sty
Package: amsbsy 1999/11/29 v1.2d
\pmbraise@=\dimen117
)
(/usr/local/texlive/2015/texmf-dist/tex/latex/amsmath/amsopn.sty
Package: amsopn 1999/12/14 v2.01 operator names
)
\inf@bad=\count102
LaTeX Info: Redefining \frac on input line 210.
\uproot@=\count103
\leftroot@=\count104
LaTeX Info: Redefining \overline on input line 306.
\classnum@=\count105
\DOTSCASE@=\count106
LaTeX Info: Redefining \ldots on input line 378.
LaTeX Info: Redefining \dots on input line 381.
LaTeX Info: Redefining \cdots on input line 466.
\Mathstrutbox@=\box26
\strutbox@=\box27
\big@size=\dimen118
LaTeX Font Info:    Redeclaring font encoding OML on input line 566.
LaTeX Font Info:    Redeclaring font encoding OMS on input line 567.
\macc@depth=\count107
\c@MaxMatrixCols=\count108
\dotsspace@=\muskip11
\c@parentequation=\count109
\dspbrk@lvl=\count110
\tag@help=\toks20
\row@=\count111
\column@=\count112
\maxfields@=\count113
\andhelp@=\toks21
\eqnshift@=\dimen119
\alignsep@=\dimen120
\tagshift@=\dimen121
\tagwidth@=\dimen122
\totwidth@=\dimen123
\lineht@=\dimen124
\@envbody=\toks22
\multlinegap=\skip50
\multlinetaggap=\skip51
\mathdisplay@stack=\toks23
LaTeX Info: Redefining \[ on input line 2665.
LaTeX Info: Redefining \] on input line 2666.
)
(/usr/local/texlive/2015/texmf-dist/tex/generic/kastrup/binhex.tex)
\tx@Isdigit=\count114
LaTeX Font Info:    Redeclaring symbol font `operators' on input line 107.
LaTeX Font Info:    Encoding `OT1' has changed to `T1' for symbol font
(Font)              `operators' in the math version `normal' on input line 107.

LaTeX Font Info:    Overwriting symbol font `operators' in version `normal'
(Font)                  OT1/cmr/m/n --> T1/ntxtlf/m/n on input line 107.
LaTeX Font Info:    Encoding `OT1' has changed to `T1' for symbol font
(Font)              `operators' in the math version `bold' on input line 107.
LaTeX Font Info:    Overwriting symbol font `operators' in version `bold'
(Font)                  OT1/cmr/bx/n --> T1/ntxtlf/m/n on input line 107.
LaTeX Font Info:    Overwriting symbol font `operators' in version `bold'
(Font)                  T1/ntxtlf/m/n --> T1/ntxtlf/b/n on input line 108.
LaTeX Font Info:    Redeclaring math alphabet \mathsf on input line 114.
LaTeX Font Info:    Overwriting math alphabet `\mathsf' in version `normal'
(Font)                  OT1/cmss/m/n --> T1/qhv/m/n on input line 114.
LaTeX Font Info:    Overwriting math alphabet `\mathsf' in version `bold'
(Font)                  OT1/cmss/bx/n --> T1/qhv/m/n on input line 114.
LaTeX Font Info:    Redeclaring math alphabet \mathit on input line 115.
LaTeX Font Info:    Overwriting math alphabet `\mathit' in version `normal'
(Font)                  OT1/cmr/m/it --> T1/ntxtlf/m/it on input line 115.
LaTeX Font Info:    Overwriting math alphabet `\mathit' in version `bold'
(Font)                  OT1/cmr/bx/it --> T1/ntxtlf/m/it on input line 115.
LaTeX Font Info:    Redeclaring math alphabet \mathtt on input line 116.
LaTeX Font Info:    Overwriting math alphabet `\mathtt' in version `normal'
(Font)                  OT1/cmtt/m/n --> T1/ntxtt/m/n on input line 116.
LaTeX Font Info:    Overwriting math alphabet `\mathtt' in version `bold'
(Font)                  OT1/cmtt/m/n --> T1/ntxtt/m/n on input line 116.
LaTeX Font Info:    Redeclaring math alphabet \mathbf on input line 118.
LaTeX Font Info:    Overwriting math alphabet `\mathbf' in version `normal'
(Font)                  OT1/cmr/bx/n --> T1/ntxtlf/b/n on input line 118.
LaTeX Font Info:    Overwriting math alphabet `\mathbf' in version `bold'
(Font)                  OT1/cmr/bx/n --> T1/ntxtlf/b/n on input line 118.
LaTeX Font Info:    Overwriting math alphabet `\mathit' in version `bold'
(Font)                  T1/ntxtlf/m/it --> T1/ntxtlf/b/it on input line 119.
LaTeX Font Info:    Overwriting math alphabet `\mathsf' in version `bold'
(Font)                  T1/qhv/m/n --> T1/qhv/b/n on input line 120.
LaTeX Font Info:    Overwriting math alphabet `\mathtt' in version `bold'
(Font)                  T1/ntxtt/m/n --> T1/ntxtt/b/n on input line 121.
LaTeX Font Info:    Redeclaring symbol font `letters' on input line 162.
LaTeX Font Info:    Overwriting symbol font `letters' in version `normal'
(Font)                  OML/cmm/m/it --> OML/ntxmi/m/it on input line 162.
LaTeX Font Info:    Overwriting symbol font `letters' in version `bold'
(Font)                  OML/cmm/b/it --> OML/ntxmi/m/it on input line 162.
LaTeX Font Info:    Overwriting symbol font `letters' in version `bold'
(Font)                  OML/ntxmi/m/it --> OML/ntxmi/b/it on input line 163.
\symlettersA=\mathgroup5
LaTeX Font Info:    Overwriting symbol font `lettersA' in version `bold'
(Font)                  U/ntxmia/m/it --> U/ntxmia/b/it on input line 177.
LaTeX Font Info:    Redeclaring symbol font `symbols' on input line 185.
LaTeX Font Info:    Overwriting symbol font `symbols' in version `normal'
(Font)                  OMS/cmsy/m/n --> OMS/ntxsy/m/n on input line 185.
LaTeX Font Info:    Overwriting symbol font `symbols' in version `bold'
(Font)                  OMS/cmsy/b/n --> OMS/ntxsy/m/n on input line 185.
LaTeX Font Info:    Overwriting symbol font `symbols' in version `bold'
(Font)                  OMS/ntxsy/m/n --> OMS/ntxsy/b/n on input line 186.
\symAMSm=\mathgroup6
LaTeX Font Info:    Overwriting symbol font `AMSm' in version `bold'
(Font)                  U/ntxsym/m/n --> U/ntxsym/b/n on input line 206.
\symsymbolsC=\mathgroup7
LaTeX Font Info:    Overwriting symbol font `symbolsC' in version `bold'
(Font)                  U/ntxsyc/m/n --> U/ntxsyc/b/n on input line 227.
LaTeX Font Info:    Redeclaring symbol font `largesymbols' on input line 240.
LaTeX Font Info:    Encoding `OMX' has changed to `LMX' for symbol font
(Font)              `largesymbols' in the math version `normal' on input line 2
40.
LaTeX Font Info:    Overwriting symbol font `largesymbols' in version `normal'
(Font)                  OMX/cmex/m/n --> LMX/ntxexx/m/n on input line 240.
LaTeX Font Info:    Encoding `OMX' has changed to `LMX' for symbol font
(Font)              `largesymbols' in the math version `bold' on input line 240
.
LaTeX Font Info:    Overwriting symbol font `largesymbols' in version `bold'
(Font)                  OMX/cmex/m/n --> LMX/ntxexx/m/n on input line 240.
LaTeX Font Info:    Overwriting symbol font `largesymbols' in version `bold'
(Font)                  LMX/ntxexx/m/n --> LMX/ntxexx/b/n on input line 241.
\symlargesymbolsTXA=\mathgroup8
LaTeX Font Info:    Overwriting symbol font `largesymbolsTXA' in version `bold'

(Font)                  U/ntxexa/m/n --> U/ntxexa/b/n on input line 255.
LaTeX Info: Redefining \not on input line 1638.
)
(/usr/local/texlive/2015/texmf-dist/tex/latex/base/fontenc.sty
Package: fontenc 2005/09/27 v1.99g Standard LaTeX package

(/usr/local/texlive/2015/texmf-dist/tex/latex/base/t1enc.def
File: t1enc.def 2005/09/27 v1.99g Standard LaTeX file
LaTeX Font Info:    Redeclaring font encoding T1 on input line 48.
))
(/usr/local/texlive/2015/texmf-dist/tex/latex/ae/ae.sty
Package: ae 2001/02/12 1.3 Almost European Computer Modern

(/usr/local/texlive/2015/texmf-dist/tex/latex/base/fontenc.sty
Package: fontenc 2005/09/27 v1.99g Standard LaTeX package

(/usr/local/texlive/2015/texmf-dist/tex/latex/base/t1enc.def
File: t1enc.def 2005/09/27 v1.99g Standard LaTeX file
LaTeX Font Info:    Redeclaring font encoding T1 on input line 48.
)
LaTeX Font Info:    Try loading font information for T1+aer on input line 105.

(/usr/local/texlive/2015/texmf-dist/tex/latex/ae/t1aer.fd
File: t1aer.fd 1997/11/16 Font definitions for T1/aer.
)))
(/usr/local/texlive/2015/texmf-dist/tex/latex/ae/aecompl.sty
Package: aecompl 1998/07/23 0.9 T1 Complements for AE fonts (D. Roegel)
)
(/usr/local/texlive/2015/texmf-dist/tex/latex/graphics/graphicx.sty
Package: graphicx 2014/10/28 v1.0g Enhanced LaTeX Graphics (DPC,SPQR)

(/usr/local/texlive/2015/texmf-dist/tex/latex/graphics/graphics.sty
Package: graphics 2014/10/28 v1.0p Standard LaTeX Graphics (DPC,SPQR)

(/usr/local/texlive/2015/texmf-dist/tex/latex/graphics/trig.sty
Package: trig 1999/03/16 v1.09 sin cos tan (DPC)
)
(/usr/local/texlive/2015/texmf-dist/tex/latex/latexconfig/graphics.cfg
File: graphics.cfg 2010/04/23 v1.9 graphics configuration of TeX Live
)
Package graphics Info: Driver file: pdftex.def on input line 94.

(/usr/local/texlive/2015/texmf-dist/tex/latex/pdftex-def/pdftex.def
File: pdftex.def 2011/05/27 v0.06d Graphics/color for pdfTeX
\Gread@gobject=\count115
))
\Gin@req@height=\dimen125
\Gin@req@width=\dimen126
)
(/usr/local/texlive/2015/texmf-dist/tex/latex/amsfonts/amssymb.sty
Package: amssymb 2013/01/14 v3.01 AMS font symbols

(/usr/local/texlive/2015/texmf-dist/tex/latex/amsfonts/amsfonts.sty
Package: amsfonts 2013/01/14 v3.01 Basic AMSFonts support
\symAMSa=\mathgroup9
\symAMSb=\mathgroup10
LaTeX Font Info:    Redeclaring math delimiter \ulcorner on input line 74.
LaTeX Font Info:    Redeclaring math delimiter \urcorner on input line 75.
LaTeX Font Info:    Redeclaring math delimiter \llcorner on input line 76.
LaTeX Font Info:    Redeclaring math delimiter \lrcorner on input line 77.
LaTeX Font Info:    Redeclaring math symbol \square on input line 141.
LaTeX Font Info:    Redeclaring math symbol \lozenge on input line 142.
)
LaTeX Font Info:    Redeclaring math symbol \boxdot on input line 44.
LaTeX Font Info:    Redeclaring math symbol \boxplus on input line 45.
LaTeX Font Info:    Redeclaring math symbol \boxtimes on input line 46.
LaTeX Font Info:    Redeclaring math symbol \blacksquare on input line 48.
LaTeX Font Info:    Redeclaring math symbol \centerdot on input line 49.
LaTeX Font Info:    Redeclaring math symbol \blacklozenge on input line 51.
LaTeX Font Info:    Redeclaring math symbol \circlearrowright on input line 52.

LaTeX Font Info:    Redeclaring math symbol \circlearrowleft on input line 53.
LaTeX Font Info:    Redeclaring math symbol \leftrightharpoons on input line 56
.
LaTeX Font Info:    Redeclaring math symbol \boxminus on input line 57.
LaTeX Font Info:    Redeclaring math symbol \Vdash on input line 58.
LaTeX Font Info:    Redeclaring math symbol \Vvdash on input line 59.
LaTeX Font Info:    Redeclaring math symbol \vDash on input line 60.
LaTeX Font Info:    Redeclaring math symbol \twoheadrightarrow on input line 61
.
LaTeX Font Info:    Redeclaring math symbol \twoheadleftarrow on input line 62.

LaTeX Font Info:    Redeclaring math symbol \leftleftarrows on input line 63.
LaTeX Font Info:    Redeclaring math symbol \rightrightarrows on input line 64.

LaTeX Font Info:    Redeclaring math symbol \upuparrows on input line 65.
LaTeX Font Info:    Redeclaring math symbol \downdownarrows on input line 66.
LaTeX Font Info:    Redeclaring math symbol \upharpoonright on input line 67.
LaTeX Font Info:    Redeclaring math symbol \downharpoonright on input line 69.

LaTeX Font Info:    Redeclaring math symbol \upharpoonleft on input line 70.
LaTeX Font Info:    Redeclaring math symbol \downharpoonleft on input line 71.
LaTeX Font Info:    Redeclaring math symbol \rightarrowtail on input line 72.
LaTeX Font Info:    Redeclaring math symbol \leftarrowtail on input line 73.
LaTeX Font Info:    Redeclaring math symbol \leftrightarrows on input line 74.
LaTeX Font Info:    Redeclaring math symbol \rightleftarrows on input line 75.
LaTeX Font Info:    Redeclaring math symbol \Lsh on input line 76.
LaTeX Font Info:    Redeclaring math symbol \Rsh on input line 77.
LaTeX Font Info:    Redeclaring math symbol \leftrightsquigarrow on input line 
79.
LaTeX Font Info:    Redeclaring math symbol \looparrowleft on input line 80.
LaTeX Font Info:    Redeclaring math symbol \looparrowright on input line 81.
LaTeX Font Info:    Redeclaring math symbol \circeq on input line 82.
LaTeX Font Info:    Redeclaring math symbol \succsim on input line 83.
LaTeX Font Info:    Redeclaring math symbol \gtrsim on input line 84.
LaTeX Font Info:    Redeclaring math symbol \gtrapprox on input line 85.
LaTeX Font Info:    Redeclaring math symbol \multimap on input line 86.
LaTeX Font Info:    Redeclaring math symbol \therefore on input line 87.
LaTeX Font Info:    Redeclaring math symbol \because on input line 88.
LaTeX Font Info:    Redeclaring math symbol \doteqdot on input line 89.
LaTeX Font Info:    Redeclaring math symbol \triangleq on input line 91.
LaTeX Font Info:    Redeclaring math symbol \precsim on input line 92.
LaTeX Font Info:    Redeclaring math symbol \lesssim on input line 93.
LaTeX Font Info:    Redeclaring math symbol \lessapprox on input line 94.
LaTeX Font Info:    Redeclaring math symbol \eqslantless on input line 95.
LaTeX Font Info:    Redeclaring math symbol \eqslantgtr on input line 96.
LaTeX Font Info:    Redeclaring math symbol \curlyeqprec on input line 97.
LaTeX Font Info:    Redeclaring math symbol \curlyeqsucc on input line 98.
LaTeX Font Info:    Redeclaring math symbol \preccurlyeq on input line 99.
LaTeX Font Info:    Redeclaring math symbol \leqq on input line 100.
LaTeX Font Info:    Redeclaring math symbol \leqslant on input line 101.
LaTeX Font Info:    Redeclaring math symbol \lessgtr on input line 102.
LaTeX Font Info:    Redeclaring math symbol \backprime on input line 103.
LaTeX Font Info:    Redeclaring math symbol \risingdotseq on input line 104.
LaTeX Font Info:    Redeclaring math symbol \fallingdotseq on input line 105.
LaTeX Font Info:    Redeclaring math symbol \succcurlyeq on input line 106.
LaTeX Font Info:    Redeclaring math symbol \geqq on input line 107.
LaTeX Font Info:    Redeclaring math symbol \geqslant on input line 108.
LaTeX Font Info:    Redeclaring math symbol \gtrless on input line 109.
LaTeX Font Info:    Redeclaring math symbol \bigstar on input line 117.
LaTeX Font Info:    Redeclaring math symbol \between on input line 118.
LaTeX Font Info:    Redeclaring math symbol \blacktriangledown on input line 11
9.
LaTeX Font Info:    Redeclaring math symbol \blacktriangleright on input line 1
20.
LaTeX Font Info:    Redeclaring math symbol \blacktriangleleft on input line 12
1.
LaTeX Font Info:    Redeclaring math symbol \vartriangle on input line 122.
LaTeX Font Info:    Redeclaring math symbol \blacktriangle on input line 123.
LaTeX Font Info:    Redeclaring math symbol \triangledown on input line 124.
LaTeX Font Info:    Redeclaring math symbol \eqcirc on input line 125.
LaTeX Font Info:    Redeclaring math symbol \lesseqgtr on input line 126.
LaTeX Font Info:    Redeclaring math symbol \gtreqless on input line 127.
LaTeX Font Info:    Redeclaring math symbol \lesseqqgtr on input line 128.
LaTeX Font Info:    Redeclaring math symbol \gtreqqless on input line 129.
LaTeX Font Info:    Redeclaring math symbol \Rrightarrow on input line 130.
LaTeX Font Info:    Redeclaring math symbol \Lleftarrow on input line 131.
LaTeX Font Info:    Redeclaring math symbol \veebar on input line 132.
LaTeX Font Info:    Redeclaring math symbol \barwedge on input line 133.
LaTeX Font Info:    Redeclaring math symbol \doublebarwedge on input line 134.
LaTeX Font Info:    Redeclaring math symbol \measuredangle on input line 137.
LaTeX Font Info:    Redeclaring math symbol \sphericalangle on input line 138.
LaTeX Font Info:    Redeclaring math symbol \varpropto on input line 139.
LaTeX Font Info:    Redeclaring math symbol \smallsmile on input line 140.
LaTeX Font Info:    Redeclaring math symbol \smallfrown on input line 141.
LaTeX Font Info:    Redeclaring math symbol \Subset on input line 142.
LaTeX Font Info:    Redeclaring math symbol \Supset on input line 143.
LaTeX Font Info:    Redeclaring math symbol \Cup on input line 144.
LaTeX Font Info:    Redeclaring math symbol \Cap on input line 146.
LaTeX Font Info:    Redeclaring math symbol \curlywedge on input line 148.
LaTeX Font Info:    Redeclaring math symbol \curlyvee on input line 149.
LaTeX Font Info:    Redeclaring math symbol \leftthreetimes on input line 150.
LaTeX Font Info:    Redeclaring math symbol \rightthreetimes on input line 151.

LaTeX Font Info:    Redeclaring math symbol \subseteqq on input line 152.
LaTeX Font Info:    Redeclaring math symbol \supseteqq on input line 153.
LaTeX Font Info:    Redeclaring math symbol \bumpeq on input line 154.
LaTeX Font Info:    Redeclaring math symbol \Bumpeq on input line 155.
LaTeX Font Info:    Redeclaring math symbol \lll on input line 156.
LaTeX Font Info:    Redeclaring math symbol \ggg on input line 158.
LaTeX Font Info:    Redeclaring math symbol \circledS on input line 160.
LaTeX Font Info:    Redeclaring math symbol \pitchfork on input line 161.
LaTeX Font Info:    Redeclaring math symbol \dotplus on input line 162.
LaTeX Font Info:    Redeclaring math symbol \backsim on input line 163.
LaTeX Font Info:    Redeclaring math symbol \backsimeq on input line 164.
LaTeX Font Info:    Redeclaring math symbol \complement on input line 165.
LaTeX Font Info:    Redeclaring math symbol \intercal on input line 166.
LaTeX Font Info:    Redeclaring math symbol \circledcirc on input line 167.
LaTeX Font Info:    Redeclaring math symbol \circledast on input line 168.
LaTeX Font Info:    Redeclaring math symbol \circleddash on input line 169.
LaTeX Font Info:    Redeclaring math symbol \lvertneqq on input line 171.
LaTeX Font Info:    Redeclaring math symbol \gvertneqq on input line 172.
LaTeX Font Info:    Redeclaring math symbol \nleq on input line 173.
LaTeX Font Info:    Redeclaring math symbol \ngeq on input line 174.
LaTeX Font Info:    Redeclaring math symbol \nless on input line 175.
LaTeX Font Info:    Redeclaring math symbol \ngtr on input line 176.
LaTeX Font Info:    Redeclaring math symbol \nprec on input line 177.
LaTeX Font Info:    Redeclaring math symbol \nsucc on input line 178.
LaTeX Font Info:    Redeclaring math symbol \lneqq on input line 179.
LaTeX Font Info:    Redeclaring math symbol \gneqq on input line 180.
LaTeX Font Info:    Redeclaring math symbol \nleqslant on input line 181.
LaTeX Font Info:    Redeclaring math symbol \ngeqslant on input line 182.
LaTeX Font Info:    Redeclaring math symbol \lneq on input line 183.
LaTeX Font Info:    Redeclaring math symbol \gneq on input line 184.
LaTeX Font Info:    Redeclaring math symbol \npreceq on input line 185.
LaTeX Font Info:    Redeclaring math symbol \nsucceq on input line 186.
LaTeX Font Info:    Redeclaring math symbol \precnsim on input line 187.
LaTeX Font Info:    Redeclaring math symbol \succnsim on input line 188.
LaTeX Font Info:    Redeclaring math symbol \lnsim on input line 189.
LaTeX Font Info:    Redeclaring math symbol \gnsim on input line 190.
LaTeX Font Info:    Redeclaring math symbol \nleqq on input line 191.
LaTeX Font Info:    Redeclaring math symbol \ngeqq on input line 192.
LaTeX Font Info:    Redeclaring math symbol \precneqq on input line 193.
LaTeX Font Info:    Redeclaring math symbol \succneqq on input line 194.
LaTeX Font Info:    Redeclaring math symbol \precnapprox on input line 195.
LaTeX Font Info:    Redeclaring math symbol \succnapprox on input line 196.
LaTeX Font Info:    Redeclaring math symbol \lnapprox on input line 197.
LaTeX Font Info:    Redeclaring math symbol \gnapprox on input line 198.
LaTeX Font Info:    Redeclaring math symbol \nsim on input line 199.
LaTeX Font Info:    Redeclaring math symbol \ncong on input line 200.
LaTeX Font Info:    Redeclaring math symbol \diagup on input line 201.
LaTeX Font Info:    Redeclaring math symbol \diagdown on input line 202.
LaTeX Font Info:    Redeclaring math symbol \varsubsetneq on input line 203.
LaTeX Font Info:    Redeclaring math symbol \varsupsetneq on input line 204.
LaTeX Font Info:    Redeclaring math symbol \nsubseteqq on input line 205.
LaTeX Font Info:    Redeclaring math symbol \nsupseteqq on input line 206.
LaTeX Font Info:    Redeclaring math symbol \subsetneqq on input line 207.
LaTeX Font Info:    Redeclaring math symbol \supsetneqq on input line 208.
LaTeX Font Info:    Redeclaring math symbol \varsubsetneqq on input line 209.
LaTeX Font Info:    Redeclaring math symbol \varsupsetneqq on input line 210.
LaTeX Font Info:    Redeclaring math symbol \subsetneq on input line 211.
LaTeX Font Info:    Redeclaring math symbol \supsetneq on input line 212.
LaTeX Font Info:    Redeclaring math symbol \nsubseteq on input line 213.
LaTeX Font Info:    Redeclaring math symbol \nsupseteq on input line 214.
LaTeX Font Info:    Redeclaring math symbol \nparallel on input line 215.
LaTeX Font Info:    Redeclaring math symbol \nmid on input line 216.
LaTeX Font Info:    Redeclaring math symbol \nshortmid on input line 217.
LaTeX Font Info:    Redeclaring math symbol \nshortparallel on input line 218.
LaTeX Font Info:    Redeclaring math symbol \nvdash on input line 219.
LaTeX Font Info:    Redeclaring math symbol \nVdash on input line 220.
LaTeX Font Info:    Redeclaring math symbol \nvDash on input line 221.
LaTeX Font Info:    Redeclaring math symbol \nVDash on input line 222.
LaTeX Font Info:    Redeclaring math symbol \ntrianglerighteq on input line 223
.
LaTeX Font Info:    Redeclaring math symbol \ntrianglelefteq on input line 224.

LaTeX Font Info:    Redeclaring math symbol \ntriangleleft on input line 225.
LaTeX Font Info:    Redeclaring math symbol \ntriangleright on input line 226.
LaTeX Font Info:    Redeclaring math symbol \nleftarrow on input line 227.
LaTeX Font Info:    Redeclaring math symbol \nrightarrow on input line 228.
LaTeX Font Info:    Redeclaring math symbol \nLeftarrow on input line 229.
LaTeX Font Info:    Redeclaring math symbol \nRightarrow on input line 230.
LaTeX Font Info:    Redeclaring math symbol \nLeftrightarrow on input line 231.

LaTeX Font Info:    Redeclaring math symbol \nleftrightarrow on input line 232.

LaTeX Font Info:    Redeclaring math symbol \divideontimes on input line 233.
LaTeX Font Info:    Redeclaring math symbol \varnothing on input line 234.
LaTeX Font Info:    Redeclaring math symbol \nexists on input line 235.
LaTeX Font Info:    Redeclaring math symbol \Finv on input line 236.
LaTeX Font Info:    Redeclaring math symbol \Game on input line 237.
LaTeX Font Info:    Redeclaring math symbol \eth on input line 240.
LaTeX Font Info:    Redeclaring math symbol \eqsim on input line 241.
LaTeX Font Info:    Redeclaring math symbol \beth on input line 242.
LaTeX Font Info:    Redeclaring math symbol \gimel on input line 243.
LaTeX Font Info:    Redeclaring math symbol \daleth on input line 244.
LaTeX Font Info:    Redeclaring math symbol \lessdot on input line 245.
LaTeX Font Info:    Redeclaring math symbol \gtrdot on input line 246.
LaTeX Font Info:    Redeclaring math symbol \ltimes on input line 247.
LaTeX Font Info:    Redeclaring math symbol \rtimes on input line 248.
LaTeX Font Info:    Redeclaring math symbol \shortmid on input line 249.
LaTeX Font Info:    Redeclaring math symbol \shortparallel on input line 250.
LaTeX Font Info:    Redeclaring math symbol \smallsetminus on input line 251.
LaTeX Font Info:    Redeclaring math symbol \thicksim on input line 252.
LaTeX Font Info:    Redeclaring math symbol \thickapprox on input line 253.
LaTeX Font Info:    Redeclaring math symbol \approxeq on input line 254.
LaTeX Font Info:    Redeclaring math symbol \succapprox on input line 255.
LaTeX Font Info:    Redeclaring math symbol \precapprox on input line 256.
LaTeX Font Info:    Redeclaring math symbol \curvearrowleft on input line 257.
LaTeX Font Info:    Redeclaring math symbol \curvearrowright on input line 258.

LaTeX Font Info:    Redeclaring math symbol \digamma on input line 259.
LaTeX Font Info:    Redeclaring math symbol \varkappa on input line 260.
LaTeX Font Info:    Redeclaring math symbol \Bbbk on input line 261.
LaTeX Font Info:    Redeclaring math symbol \hslash on input line 262.
LaTeX Font Info:    Redeclaring math symbol \backepsilon on input line 265.
)
LaTeX Font Info:    Try loading font information for T1+ntxtlf on input line 85
.

(/usr/local/texlive/2015/texmf-dist/tex/latex/newtx/t1ntxtlf.fd
File: t1ntxtlf.fd 2015/01/17 v1.0 font definition file for T1/ntx/tlf
)
LaTeX Font Info:    Font shape `T1/ntxtlf/m/n' will be
(Font)              scaled to size 9.0pt on input line 85.

(./nearestStars.aux

LaTeX Warning: Label `fig:example_figure' multiply defined.


LaTeX Warning: Label `fig:example_figure' multiply defined.


LaTeX Warning: Label `fig:example_figure' multiply defined.


LaTeX Warning: Label `fig:example_figure' multiply defined.


LaTeX Warning: Label `fig:example_figure' multiply defined.


LaTeX Warning: Label `fig:example_figure' multiply defined.


LaTeX Warning: Label `fig:example_figure' multiply defined.


LaTeX Warning: Label `fig:example_figure' multiply defined.


LaTeX Warning: Label `fig:example_figure' multiply defined.


LaTeX Warning: Label `fig:example_figure' multiply defined.


LaTeX Warning: Label `fig:example_figure' multiply defined.


LaTeX Warning: Label `fig:example_figure' multiply defined.


LaTeX Warning: Label `fig:example_figure' multiply defined.


LaTeX Warning: Label `fig:example_figure' multiply defined.


LaTeX Warning: Label `fig:example_figure' multiply defined.


LaTeX Warning: Label `fig:example_figure' multiply defined.


LaTeX Warning: Label `fig:example_figure' multiply defined.

)
\openout1 = `nearestStars.aux'.

LaTeX Font Info:    Checking defaults for OML/ntxmi/m/it on input line 85.
LaTeX Font Info:    Try loading font information for OML+ntxmi on input line 85
.
 (/usr/local/texlive/2015/texmf-dist/tex/latex/newtx/omlntxmi.fd
File: omlntxmi.fd 2012/03/22 Fontinst v1.933 font definitions for OML/ntxmi.
)
LaTeX Font Info:    ... okay on input line 85.
LaTeX Font Info:    Checking defaults for T1/cmr/m/n on input line 85.
LaTeX Font Info:    ... okay on input line 85.
LaTeX Font Info:    Checking defaults for OT1/cmr/m/n on input line 85.
LaTeX Font Info:    ... okay on input line 85.
LaTeX Font Info:    Checking defaults for OMS/ntxsy/m/n on input line 85.
LaTeX Font Info:    Try loading font information for OMS+ntxsy on input line 85
.

(/usr/local/texlive/2015/texmf-dist/tex/latex/newtx/omsntxsy.fd
File: omsntxsy.fd 2012/11/14 Fontinst v1.933 font definitions for OMS/ntxsy.
)
LaTeX Font Info:    ... okay on input line 85.
LaTeX Font Info:    Checking defaults for OMX/cmex/m/n on input line 85.
LaTeX Font Info:    ... okay on input line 85.
LaTeX Font Info:    Checking defaults for U/ntxexa/m/n on input line 85.
LaTeX Font Info:    Try loading font information for U+ntxexa on input line 85.


(/usr/local/texlive/2015/texmf-dist/tex/latex/newtx/untxexa.fd
File: untxexa.fd 2012/04/16 Fontinst v1.933 font definitions for U/ntxexa.
)
LaTeX Font Info:    ... okay on input line 85.
LaTeX Font Info:    Checking defaults for PD1/pdf/m/n on input line 85.
LaTeX Font Info:    ... okay on input line 85.
LaTeX Font Info:    Checking defaults for TS1/cmr/m/n on input line 85.
LaTeX Font Info:    Try loading font information for TS1+cmr on input line 85.

(/usr/local/texlive/2015/texmf-dist/tex/latex/base/ts1cmr.fd
File: ts1cmr.fd 2014/09/29 v2.5h Standard LaTeX font definitions
)
LaTeX Font Info:    ... okay on input line 85.
LaTeX Font Info:    Checking defaults for LMX/ntxexx/m/n on input line 85.
LaTeX Font Info:    ... okay on input line 85.

*geometry* driver: auto-detecting
*geometry* detected driver: pdftex
*geometry* verbose mode - [ preamble ] result:
* driver: pdftex
* paper: a4paper
* layout: <same size as paper>
* layoutoffset:(h,v)=(0.0pt,0.0pt)
* modes: twoside 
* h-part:(L,W,R)=(71.70166pt, 418.25368pt, 107.55254pt)
* v-part:(T,H,B)=(101.40665pt, 591.5302pt, 152.11pt)
* \paperwidth=597.50787pt
* \paperheight=845.04684pt
* \textwidth=504.0pt
* \textheight=682.0pt
* \oddsidemargin=-30.0pt
* \evensidemargin=-30.0pt
* \topmargin=0.0pt
* \headheight=14.0pt
* \headsep=15.0pt
* \topskip=9.0pt
* \footskip=22.0pt
* \marginparwidth=48.0pt
* \marginparsep=6.0pt
* \columnsep=24.0pt
* \skip\footins=19.5pt plus 12.0pt minus 1.0pt
* \hoffset=0.0pt
* \voffset=0.0pt
* \mag=1000
* \@twocolumntrue
* \@twosidetrue
* \@mparswitchtrue
* \@reversemarginfalse
* (1in=72.27pt=25.4mm, 1cm=28.453pt)

\AtBeginShipoutBox=\box28
(/usr/local/texlive/2015/texmf-dist/tex/latex/graphics/color.sty
Package: color 2014/10/28 v1.1a Standard LaTeX Color (DPC)

(/usr/local/texlive/2015/texmf-dist/tex/latex/latexconfig/color.cfg
File: color.cfg 2007/01/18 v1.5 color configuration of teTeX/TeXLive
)
Package color Info: Driver file: pdftex.def on input line 142.
)
Package hyperref Info: Link coloring ON on input line 85.

(/usr/local/texlive/2015/texmf-dist/tex/latex/hyperref/nameref.sty
Package: nameref 2012/10/27 v2.43 Cross-referencing by name of section

(/usr/local/texlive/2015/texmf-dist/tex/generic/oberdiek/gettitlestring.sty
Package: gettitlestring 2010/12/03 v1.4 Cleanup title references (HO)
)
\c@section@level=\count116
)
LaTeX Info: Redefining \ref on input line 85.
LaTeX Info: Redefining \pageref on input line 85.
LaTeX Info: Redefining \nameref on input line 85.

(./nearestStars.out) (./nearestStars.out)
\@outlinefile=\write3
\openout3 = `nearestStars.out'.

\c@mv@tabular=\count117
\c@mv@boldtabular=\count118

(/usr/local/texlive/2015/texmf-dist/tex/context/base/supp-pdf.mkii
[Loading MPS to PDF converter (version 2006.09.02).]
\scratchcounter=\count119
\scratchdimen=\dimen127
\scratchbox=\box29
\nofMPsegments=\count120
\nofMParguments=\count121
\everyMPshowfont=\toks24
\MPscratchCnt=\count122
\MPscratchDim=\dimen128
\MPnumerator=\count123
\makeMPintoPDFobject=\count124
\everyMPtoPDFconversion=\toks25
) (/usr/local/texlive/2015/texmf-dist/tex/latex/oberdiek/epstopdf-base.sty
Package: epstopdf-base 2010/02/09 v2.5 Base part for package epstopdf

(/usr/local/texlive/2015/texmf-dist/tex/latex/oberdiek/grfext.sty
Package: grfext 2010/08/19 v1.1 Manage graphics extensions (HO)
)
Package grfext Info: Graphics extension search list:
(grfext)             [.png,.pdf,.jpg,.mps,.jpeg,.jbig2,.jb2,.PNG,.PDF,.JPG,.JPE
G,.JBIG2,.JB2,.eps]
(grfext)             \AppendGraphicsExtensions on input line 452.

(/usr/local/texlive/2015/texmf-dist/tex/latex/latexconfig/epstopdf-sys.cfg
File: epstopdf-sys.cfg 2010/07/13 v1.3 Configuration of (r)epstopdf for TeX Liv
e
))
LaTeX Font Info:    Font shape `T1/ntxtlf/m/n' will be
(Font)              scaled to size 17.28pt on input line 87.
LaTeX Font Info:    Font shape `T1/ntxtlf/bx/n' in size <17.28> not available
(Font)              Font shape `T1/ntxtlf/b/n' tried instead on input line 87.
LaTeX Font Info:    Font shape `T1/ntxtlf/b/n' will be
(Font)              scaled to size 17.28pt on input line 87.
LaTeX Font Info:    Font shape `T1/ntxtlf/m/n' will be
(Font)              scaled to size 14.4pt on input line 87.
LaTeX Font Info:    Font shape `T1/ntxtlf/m/n' will be
(Font)              scaled to size 10.5pt on input line 87.
LaTeX Font Info:    Font shape `T1/ntxtlf/m/n' will be
(Font)              scaled to size 7.9pt on input line 87.


LaTeX Font Warning: Font shape `OML/cmm/b/it' in size <10.5> not available
(Font)              size <10.95> substituted on input line 87.

LaTeX Font Info:    Try loading font information for U+ntxmia on input line 87.

(/usr/local/texlive/2015/texmf-dist/tex/latex/newtx/untxmia.fd
File: untxmia.fd 2012/04/16 Fontinst v1.933 font definitions for U/ntxmia.
)
LaTeX Font Info:    Try loading font information for U+ntxsym on input line 87.


(/usr/local/texlive/2015/texmf-dist/tex/latex/newtx/untxsym.fd
File: untxsym.fd 2015/03/20 Fontinst v1.933 font definitions for U/ntxsym.
)
LaTeX Font Info:    Try loading font information for U+ntxsyc on input line 87.


(/usr/local/texlive/2015/texmf-dist/tex/latex/newtx/untxsyc.fd
File: untxsyc.fd 2012/04/12 Fontinst v1.933 font definitions for U/ntxsyc.
)
LaTeX Font Info:    Try loading font information for U+msa on input line 87.

(/usr/local/texlive/2015/texmf-dist/tex/latex/amsfonts/umsa.fd
File: umsa.fd 2013/01/14 v3.01 AMS symbols A
)
LaTeX Font Info:    Try loading font information for U+msb on input line 87.

(/usr/local/texlive/2015/texmf-dist/tex/latex/amsfonts/umsb.fd
File: umsb.fd 2013/01/14 v3.01 AMS symbols B
)
LaTeX Font Info:    Try loading font information for T1+ntxsups on input line 8
7.

(/usr/local/texlive/2015/texmf-dist/tex/latex/newtx/t1ntxsups.fd
File: t1ntxsups.fd 2015/01/17 v1.0
)
LaTeX Font Info:    Font shape `T1/ntxsups/m/n' will be
(Font)              scaled to size 14.4pt on input line 87.
LaTeX Font Info:    Font shape `T1/ntxtlf/m/n' will be
(Font)              scaled to size 8.0pt on input line 87.
LaTeX Font Info:    Font shape `T1/ntxtlf/m/it' will be
(Font)              scaled to size 8.0pt on input line 87.
LaTeX Font Info:    Font shape `T1/ntxtlf/m/n' will be
(Font)              scaled to size 6.2pt on input line 87.
LaTeX Font Info:    Font shape `T1/ntxtlf/m/n' will be
(Font)              scaled to size 5.5pt on input line 87.


LaTeX Font Warning: Font shape `OML/cmm/b/it' in size <5.5> not available
(Font)              size <5> substituted on input line 87.


Overfull \hbox (88.43053pt too wide) in paragraph at lines 87--87
[][]  
 []

<220173631NearestNeighbor.png, id=5, 566.05478pt x 385.1991pt>
File: 220173631NearestNeighbor.png Graphic file (type png)

<use 220173631NearestNeighbor.png>
Package pdftex.def Info: 220173631NearestNeighbor.png used on input line 94.
(pdftex.def)             Requested size: 240.0pt x 163.31657pt.

<220224214NearestNeighbor.png, id=7, 566.05478pt x 385.1991pt>
File: 220224214NearestNeighbor.png Graphic file (type png)

<use 220224214NearestNeighbor.png>
Package pdftex.def Info: 220224214NearestNeighbor.png used on input line 95.
(pdftex.def)             Requested size: 240.0pt x 163.31657pt.

<220224988NearestNeighbor.png, id=8, 566.05478pt x 385.1991pt>
File: 220224988NearestNeighbor.png Graphic file (type png)

<use 220224988NearestNeighbor.png>
Package pdftex.def Info: 220224988NearestNeighbor.png used on input line 96.
(pdftex.def)             Requested size: 240.0pt x 163.31657pt.
LaTeX Font Info:    Font shape `T1/ntxtlf/bx/n' in size <8> not available
(Font)              Font shape `T1/ntxtlf/b/n' tried instead on input line 97.
LaTeX Font Info:    Font shape `T1/ntxtlf/b/n' will be
(Font)              scaled to size 8.0pt on input line 97.

<220212788NearestNeighbor.png, id=9, 566.05478pt x 385.1991pt>
File: 220212788NearestNeighbor.png Graphic file (type png)

<use 220212788NearestNeighbor.png>
Package pdftex.def Info: 220212788NearestNeighbor.png used on input line 107.
(pdftex.def)             Requested size: 240.0pt x 163.31657pt.

<220205720NearestNeighbor.png, id=10, 566.05478pt x 385.56046pt>
File: 220205720NearestNeighbor.png Graphic file (type png)

<use 220205720NearestNeighbor.png>
Package pdftex.def Info: 220205720NearestNeighbor.png used on input line 108.
(pdftex.def)             Requested size: 240.0pt x 163.46979pt.

<220210247NearestNeighbor.png, id=11, 566.05478pt x 385.1991pt>
File: 220210247NearestNeighbor.png Graphic file (type png)

<use 220210247NearestNeighbor.png>
Package pdftex.def Info: 220210247NearestNeighbor.png used on input line 109.
(pdftex.def)             Requested size: 240.0pt x 163.31657pt.

<220212670NearestNeighbor.png, id=12, 566.05478pt x 385.1991pt>
File: 220212670NearestNeighbor.png Graphic file (type png)

<use 220212670NearestNeighbor.png>
Package pdftex.def Info: 220212670NearestNeighbor.png used on input line 119.
(pdftex.def)             Requested size: 240.0pt x 163.31657pt.

<220211159NearestNeighbor.png, id=13, 566.05478pt x 385.1991pt>
File: 220211159NearestNeighbor.png Graphic file (type png)

<use 220211159NearestNeighbor.png>
Package pdftex.def Info: 220211159NearestNeighbor.png used on input line 120.
(pdftex.def)             Requested size: 240.0pt x 163.31657pt.

<220212877NearestNeighbor.png, id=14, 566.05478pt x 385.56046pt>
File: 220212877NearestNeighbor.png Graphic file (type png)

<use 220212877NearestNeighbor.png>
Package pdftex.def Info: 220212877NearestNeighbor.png used on input line 121.
(pdftex.def)             Requested size: 240.0pt x 163.46979pt.

<220230533NearestNeighbor.png, id=15, 566.05478pt x 385.1991pt>
File: 220230533NearestNeighbor.png Graphic file (type png)

<use 220230533NearestNeighbor.png>
Package pdftex.def Info: 220230533NearestNeighbor.png used on input line 130.
(pdftex.def)             Requested size: 240.0pt x 163.31657pt.

<220218833NearestNeighbor.png, id=16, 566.05478pt x 385.1991pt>
File: 220218833NearestNeighbor.png Graphic file (type png)

<use 220218833NearestNeighbor.png>
Package pdftex.def Info: 220218833NearestNeighbor.png used on input line 131.
(pdftex.def)             Requested size: 240.0pt x 163.31657pt.

<220193243NearestNeighbor.png, id=17, 566.05478pt x 385.1991pt>
File: 220193243NearestNeighbor.png Graphic file (type png)

<use 220193243NearestNeighbor.png>
Package pdftex.def Info: 220193243NearestNeighbor.png used on input line 132.
(pdftex.def)             Requested size: 240.0pt x 163.31657pt.

<220184207NearestNeighbor.png, id=18, 566.05478pt x 385.1991pt>
File: 220184207NearestNeighbor.png Graphic file (type png)

<use 220184207NearestNeighbor.png>
Package pdftex.def Info: 220184207NearestNeighbor.png used on input line 140.
(pdftex.def)             Requested size: 240.0pt x 163.31657pt.

<220179771NearestNeighbor.png, id=19, 566.05478pt x 385.1991pt>
File: 220179771NearestNeighbor.png Graphic file (type png)

<use 220179771NearestNeighbor.png>
Package pdftex.def Info: 220179771NearestNeighbor.png used on input line 141.
(pdftex.def)             Requested size: 240.0pt x 163.31657pt.

<220180147NearestNeighbor.png, id=20, 566.05478pt x 385.1991pt>
File: 220180147NearestNeighbor.png Graphic file (type png)

<use 220180147NearestNeighbor.png>
Package pdftex.def Info: 220180147NearestNeighbor.png used on input line 142.
(pdftex.def)             Requested size: 240.0pt x 163.31657pt.

<220171966NearestNeighbor.png, id=21, 566.05478pt x 385.1991pt>
File: 220171966NearestNeighbor.png Graphic file (type png)

<use 220171966NearestNeighbor.png>
Package pdftex.def Info: 220171966NearestNeighbor.png used on input line 154.
(pdftex.def)             Requested size: 240.0pt x 163.31657pt.

<220235527NearestNeighbor.png, id=22, 566.05478pt x 385.1991pt>
File: 220235527NearestNeighbor.png Graphic file (type png)

<use 220235527NearestNeighbor.png>
Package pdftex.def Info: 220235527NearestNeighbor.png used on input line 155.
(pdftex.def)             Requested size: 240.0pt x 163.31657pt.

<220226374NearestNeighbor.png, id=23, 566.05478pt x 385.1991pt>
File: 220226374NearestNeighbor.png Graphic file (type png)

<use 220226374NearestNeighbor.png>
Package pdftex.def Info: 220226374NearestNeighbor.png used on input line 156.
(pdftex.def)             Requested size: 240.0pt x 163.31657pt.

<220220757NearestNeighbor.png, id=24, 566.05478pt x 385.1991pt>
File: 220220757NearestNeighbor.png Graphic file (type png)

<use 220220757NearestNeighbor.png>
Package pdftex.def Info: 220220757NearestNeighbor.png used on input line 165.
(pdftex.def)             Requested size: 240.0pt x 163.31657pt.

<220178559NearestNeighbor.png, id=25, 566.05478pt x 385.1991pt>
File: 220178559NearestNeighbor.png Graphic file (type png)

<use 220178559NearestNeighbor.png>
Package pdftex.def Info: 220178559NearestNeighbor.png used on input line 166.
(pdftex.def)             Requested size: 240.0pt x 163.31657pt.

<220227863NearestNeighbor.png, id=26, 566.05478pt x 385.56046pt>
File: 220227863NearestNeighbor.png Graphic file (type png)

<use 220227863NearestNeighbor.png>
Package pdftex.def Info: 220227863NearestNeighbor.png used on input line 167.
(pdftex.def)             Requested size: 240.0pt x 163.46979pt.

<220176624NearestNeighbor.png, id=27, 566.05478pt x 385.1991pt>
File: 220176624NearestNeighbor.png Graphic file (type png)

<use 220176624NearestNeighbor.png>
Package pdftex.def Info: 220176624NearestNeighbor.png used on input line 176.
(pdftex.def)             Requested size: 240.0pt x 163.31657pt.

<220191502NearestNeighbor.png, id=28, 566.05478pt x 385.56046pt>
File: 220191502NearestNeighbor.png Graphic file (type png)

<use 220191502NearestNeighbor.png>
Package pdftex.def Info: 220191502NearestNeighbor.png used on input line 177.
(pdftex.def)             Requested size: 240.0pt x 163.46979pt.

<220185866NearestNeighbor.png, id=29, 566.05478pt x 385.56046pt>
File: 220185866NearestNeighbor.png Graphic file (type png)

<use 220185866NearestNeighbor.png>
Package pdftex.def Info: 220185866NearestNeighbor.png used on input line 178.
(pdftex.def)             Requested size: 240.0pt x 163.46979pt.

<220211954NearestNeighbor.png, id=30, 566.05478pt x 385.56046pt>
File: 220211954NearestNeighbor.png Graphic file (type png)

<use 220211954NearestNeighbor.png>
Package pdftex.def Info: 220211954NearestNeighbor.png used on input line 188.
(pdftex.def)             Requested size: 240.0pt x 163.46979pt.

<220191716NearestNeighbor.png, id=31, 566.05478pt x 385.1991pt>
File: 220191716NearestNeighbor.png Graphic file (type png)

<use 220191716NearestNeighbor.png>
Package pdftex.def Info: 220191716NearestNeighbor.png used on input line 189.
(pdftex.def)             Requested size: 240.0pt x 163.31657pt.

<220185768NearestNeighbor.png, id=32, 566.05478pt x 385.1991pt>
File: 220185768NearestNeighbor.png Graphic file (type png)

<use 220185768NearestNeighbor.png>
Package pdftex.def Info: 220185768NearestNeighbor.png used on input line 190.
(pdftex.def)             Requested size: 240.0pt x 163.31657pt.

<220184071NearestNeighbor.png, id=33, 566.05478pt x 385.1991pt>
File: 220184071NearestNeighbor.png Graphic file (type png)

<use 220184071NearestNeighbor.png>
Package pdftex.def Info: 220184071NearestNeighbor.png used on input line 200.
(pdftex.def)             Requested size: 240.0pt x 163.31657pt.

<220173771NearestNeighbor.png, id=34, 566.05478pt x 385.56046pt>
File: 220173771NearestNeighbor.png Graphic file (type png)

<use 220173771NearestNeighbor.png>
Package pdftex.def Info: 220173771NearestNeighbor.png used on input line 201.
(pdftex.def)             Requested size: 240.0pt x 163.46979pt.

<220176915NearestNeighbor.png, id=35, 566.05478pt x 385.1991pt>
File: 220176915NearestNeighbor.png Graphic file (type png)

<use 220176915NearestNeighbor.png>
Package pdftex.def Info: 220176915NearestNeighbor.png used on input line 202.
(pdftex.def)             Requested size: 240.0pt x 163.31657pt.

<220181935NearestNeighbor.png, id=36, 566.05478pt x 385.1991pt>
File: 220181935NearestNeighbor.png Graphic file (type png)

<use 220181935NearestNeighbor.png>
Package pdftex.def Info: 220181935NearestNeighbor.png used on input line 211.
(pdftex.def)             Requested size: 240.0pt x 163.31657pt.

<220213949NearestNeighbor.png, id=37, 566.05478pt x 385.1991pt>
File: 220213949NearestNeighbor.png Graphic file (type png)

<use 220213949NearestNeighbor.png>
Package pdftex.def Info: 220213949NearestNeighbor.png used on input line 212.
(pdftex.def)             Requested size: 240.0pt x 163.31657pt.

<220175559NearestNeighbor.png, id=38, 566.05478pt x 385.1991pt>
File: 220175559NearestNeighbor.png Graphic file (type png)

<use 220175559NearestNeighbor.png>
Package pdftex.def Info: 220175559NearestNeighbor.png used on input line 213.
(pdftex.def)             Requested size: 240.0pt x 163.31657pt.

<220207878NearestNeighbor.png, id=39, 566.05478pt x 385.1991pt>
File: 220207878NearestNeighbor.png Graphic file (type png)

<use 220207878NearestNeighbor.png>
Package pdftex.def Info: 220207878NearestNeighbor.png used on input line 222.
(pdftex.def)             Requested size: 240.0pt x 163.31657pt.

<220209516NearestNeighbor.png, id=40, 566.05478pt x 385.56046pt>
File: 220209516NearestNeighbor.png Graphic file (type png)

<use 220209516NearestNeighbor.png>
Package pdftex.def Info: 220209516NearestNeighbor.png used on input line 223.
(pdftex.def)             Requested size: 240.0pt x 163.46979pt.

<220235246NearestNeighbor.png, id=41, 566.05478pt x 385.1991pt>
File: 220235246NearestNeighbor.png Graphic file (type png)

<use 220235246NearestNeighbor.png>
Package pdftex.def Info: 220235246NearestNeighbor.png used on input line 224.
(pdftex.def)             Requested size: 240.0pt x 163.31657pt.

<220175772NearestNeighbor.png, id=42, 566.05478pt x 385.1991pt>
File: 220175772NearestNeighbor.png Graphic file (type png)

<use 220175772NearestNeighbor.png>
Package pdftex.def Info: 220175772NearestNeighbor.png used on input line 234.
(pdftex.def)             Requested size: 240.0pt x 163.31657pt.

<220200640NearestNeighbor.png, id=43, 566.05478pt x 385.56046pt>
File: 220200640NearestNeighbor.png Graphic file (type png)

<use 220200640NearestNeighbor.png>
Package pdftex.def Info: 220200640NearestNeighbor.png used on input line 235.
(pdftex.def)             Requested size: 240.0pt x 163.46979pt.

<220216746NearestNeighbor.png, id=44, 566.05478pt x 385.1991pt>
File: 220216746NearestNeighbor.png Graphic file (type png)

<use 220216746NearestNeighbor.png>
Package pdftex.def Info: 220216746NearestNeighbor.png used on input line 236.
(pdftex.def)             Requested size: 240.0pt x 163.31657pt.

<220217645NearestNeighbor.png, id=45, 566.05478pt x 385.56046pt>
File: 220217645NearestNeighbor.png Graphic file (type png)

<use 220217645NearestNeighbor.png>
Package pdftex.def Info: 220217645NearestNeighbor.png used on input line 245.
(pdftex.def)             Requested size: 240.0pt x 163.46979pt.

<220168966NearestNeighbor.png, id=46, 566.05478pt x 385.1991pt>
File: 220168966NearestNeighbor.png Graphic file (type png)

<use 220168966NearestNeighbor.png>
Package pdftex.def Info: 220168966NearestNeighbor.png used on input line 246.
(pdftex.def)             Requested size: 240.0pt x 163.31657pt.

<220169790NearestNeighbor.png, id=47, 566.05478pt x 385.1991pt>
File: 220169790NearestNeighbor.png Graphic file (type png)

<use 220169790NearestNeighbor.png>
Package pdftex.def Info: 220169790NearestNeighbor.png used on input line 247.
(pdftex.def)             Requested size: 240.0pt x 163.31657pt.

<220192213NearestNeighbor.png, id=48, 566.05478pt x 385.56046pt>
File: 220192213NearestNeighbor.png Graphic file (type png)

<use 220192213NearestNeighbor.png>
Package pdftex.def Info: 220192213NearestNeighbor.png used on input line 257.
(pdftex.def)             Requested size: 240.0pt x 163.46979pt.

<220228959NearestNeighbor.png, id=49, 566.05478pt x 385.1991pt>
File: 220228959NearestNeighbor.png Graphic file (type png)

<use 220228959NearestNeighbor.png>
Package pdftex.def Info: 220228959NearestNeighbor.png used on input line 258.
(pdftex.def)             Requested size: 240.0pt x 163.31657pt.

<220181977NearestNeighbor.png, id=50, 566.05478pt x 385.1991pt>
File: 220181977NearestNeighbor.png Graphic file (type png)

<use 220181977NearestNeighbor.png>
Package pdftex.def Info: 220181977NearestNeighbor.png used on input line 259.
(pdftex.def)             Requested size: 240.0pt x 163.31657pt.

<220225692NearestNeighbor.png, id=51, 566.05478pt x 385.1991pt>
File: 220225692NearestNeighbor.png Graphic file (type png)

<use 220225692NearestNeighbor.png>
Package pdftex.def Info: 220225692NearestNeighbor.png used on input line 267.
(pdftex.def)             Requested size: 240.0pt x 163.31657pt.

<220233020NearestNeighbor.png, id=52, 566.05478pt x 385.1991pt>
File: 220233020NearestNeighbor.png Graphic file (type png)

<use 220233020NearestNeighbor.png>
Package pdftex.def Info: 220233020NearestNeighbor.png used on input line 268.
(pdftex.def)             Requested size: 240.0pt x 163.31657pt.

<220216359NearestNeighbor.png, id=53, 566.05478pt x 385.1991pt>
File: 220216359NearestNeighbor.png Graphic file (type png)

<use 220216359NearestNeighbor.png>
Package pdftex.def Info: 220216359NearestNeighbor.png used on input line 269.
(pdftex.def)             Requested size: 240.0pt x 163.31657pt.

<220220452NearestNeighbor.png, id=54, 566.05478pt x 385.1991pt>
File: 220220452NearestNeighbor.png Graphic file (type png)

<use 220220452NearestNeighbor.png>
Package pdftex.def Info: 220220452NearestNeighbor.png used on input line 278.
(pdftex.def)             Requested size: 240.0pt x 163.31657pt.

<220198775NearestNeighbor.png, id=55, 566.05478pt x 385.1991pt>
File: 220198775NearestNeighbor.png Graphic file (type png)

<use 220198775NearestNeighbor.png>
Package pdftex.def Info: 220198775NearestNeighbor.png used on input line 279.
(pdftex.def)             Requested size: 240.0pt x 163.31657pt.

<220209831NearestNeighbor.png, id=56, 566.05478pt x 385.1991pt>
File: 220209831NearestNeighbor.png Graphic file (type png)

<use 220209831NearestNeighbor.png>
Package pdftex.def Info: 220209831NearestNeighbor.png used on input line 280.
(pdftex.def)             Requested size: 240.0pt x 163.31657pt.


! LaTeX Error: Too many unprocessed floats.

See the LaTeX manual or LaTeX Companion for explanation.
Type  H <return>  for immediate help.
 ...                                              
                                                  
l.287         	   \begin{figure}
                                
You've lost some text.  Try typing  <return>  to proceed.
If that doesn't work, type  X <return>  to quit.

! Undefined control sequence.
\@xfloat ...@fltovf \fi \global \setbox \@currbox 
                                                  \color@vbox \normalcolor \...
l.287         	   \begin{figure}
                                
The control sequence at the end of the top line
of your error message was never \def'ed. If you have
misspelled it (e.g., `\hobx'), type `I' and the correct
spelling (e.g., `I\hbox'). Otherwise just continue,
and I'll forget about whatever was undefined.

! Missing number, treated as zero.
<to be read again> 
                   \vbox 
l.287         	   \begin{figure}
                                
A number should have been here; I inserted `0'.
(If you can't figure out why I needed to see a number,
look up `weird error' in the index to The TeXbook.)

<220170097NearestNeighbor.png, id=57, 566.05478pt x 385.1991pt>
File: 220170097NearestNeighbor.png Graphic file (type png)

<use 220170097NearestNeighbor.png>
Package pdftex.def Info: 220170097NearestNeighbor.png used on input line 291.
(pdftex.def)             Requested size: 240.0pt x 163.31657pt.

<220221035NearestNeighbor.png, id=58, 566.05478pt x 385.1991pt>
File: 220221035NearestNeighbor.png Graphic file (type png)

<use 220221035NearestNeighbor.png>
Package pdftex.def Info: 220221035NearestNeighbor.png used on input line 292.
(pdftex.def)             Requested size: 240.0pt x 163.31657pt.

<220192831NearestNeighbor.png, id=59, 566.05478pt x 385.1991pt>
File: 220192831NearestNeighbor.png Graphic file (type png)

<use 220192831NearestNeighbor.png>
Package pdftex.def Info: 220192831NearestNeighbor.png used on input line 293.
(pdftex.def)             Requested size: 240.0pt x 163.31657pt.

! Undefined control sequence.
\@largefloatcheck ->\ifdim \ht \@currbox 
                                         >\textheight \@tempdima -\textheigh...
l.296         		\end{figure}
                            
The control sequence at the end of the top line
of your error message was never \def'ed. If you have
misspelled it (e.g., `\hobx'), type `I' and the correct
spelling (e.g., `I\hbox'). Otherwise just continue,
and I'll forget about whatever was undefined.

! Missing number, treated as zero.
<to be read again> 
                   >
l.296         		\end{figure}
                            
A number should have been here; I inserted `0'.
(If you can't figure out why I needed to see a number,
look up `weird error' in the index to The TeXbook.)

! Undefined control sequence.
<argument> \@currbox 
                     
l.296         		\end{figure}
                            
The control sequence at the end of the top line
of your error message was never \def'ed. If you have
misspelled it (e.g., `\hobx'), type `I' and the correct
spelling (e.g., `I\hbox'). Otherwise just continue,
and I'll forget about whatever was undefined.

! Argument of \@xnext has an extra }.
<inserted text> 
                \par 
l.296         		\end{figure}
                            
I've run across a `}' that doesn't seem to match anything.
For example, `\def\a#1{...}' and `\a}' would produce
this error. If you simply proceed now, the `\par' that
I've just inserted will cause me to report a runaway
argument that might be the root of the problem. But if
your `}' was spurious, just type `2' and it will go away.

Runaway argument?
\@currbox \@currlist \ifnum \count \@currbox >\z@ \advance \@pageht \@pagedp \E
TC.
! Paragraph ended before \@xnext was complete.
<to be read again> 
                   \par 
l.296         		\end{figure}
                            
I suspect you've forgotten a `}', causing me to apply this
control sequence to too much text. How can we recover?
My plan is to forget the whole thing and hope for the best.

! Extra \else.
\endfigure ...pdima \penalty \@floatpenalty \else 
                                                  \vadjust {\penalty -\@Miv ...
l.296         		\end{figure}
                            
I'm ignoring this; it doesn't match any \if.

! You can't use `\vadjust' in vertical mode.
\endfigure ...nalty \@floatpenalty \else \vadjust 
                                                  {\penalty -\@Miv \vbox {}\...
l.296         		\end{figure}
                            
Sorry, but I'm not programmed to handle this case;
I'll just pretend that you didn't ask for it.
If you're in the wrong mode, you might be able to
return to the right one by typing `I}' or `I$' or `I\par'.

! Argument of \@xnext has an extra }.
<inserted text> 
                \par 
l.296         		\end{figure}
                            
I've run across a `}' that doesn't seem to match anything.
For example, `\def\a#1{...}' and `\a}' would produce
this error. If you simply proceed now, the `\par' that
I've just inserted will cause me to report a runaway
argument that might be the root of the problem. But if
your `}' was spurious, just type `2' and it will go away.

Runaway argument?
\@currbox \@currlist \ifnum \count \@currbox >\z@ \advance \@pageht \@pagedp \E
TC.
! Paragraph ended before \@xnext was complete.
<to be read again> 
                   \par 
l.296         		\end{figure}
                            
I suspect you've forgotten a `}', causing me to apply this
control sequence to too much text. How can we recover?
My plan is to forget the whole thing and hope for the best.


! LaTeX Error: Too many unprocessed floats.

See the LaTeX manual or LaTeX Companion for explanation.
Type  H <return>  for immediate help.
 ...                                              
                                                  
l.298         	\begin{figure}
                             
You've lost some text.  Try typing  <return>  to proceed.
If that doesn't work, type  X <return>  to quit.

! Undefined control sequence.
\@xfloat ...@fltovf \fi \global \setbox \@currbox 
                                                  \color@vbox \normalcolor \...
l.298         	\begin{figure}
                             
The control sequence at the end of the top line
of your error message was never \def'ed. If you have
misspelled it (e.g., `\hobx'), type `I' and the correct
spelling (e.g., `I\hbox'). Otherwise just continue,
and I'll forget about whatever was undefined.

! Missing number, treated as zero.
<to be read again> 
                   \vbox 
l.298         	\begin{figure}
                             
A number should have been here; I inserted `0'.
(If you can't figure out why I needed to see a number,
look up `weird error' in the index to The TeXbook.)

<220235253NearestNeighbor.png, id=60, 566.05478pt x 385.1991pt>
File: 220235253NearestNeighbor.png Graphic file (type png)

<use 220235253NearestNeighbor.png>
Package pdftex.def Info: 220235253NearestNeighbor.png used on input line 302.
(pdftex.def)             Requested size: 240.0pt x 163.31657pt.

<220192000NearestNeighbor.png, id=61, 566.05478pt x 385.1991pt>
File: 220192000NearestNeighbor.png Graphic file (type png)

<use 220192000NearestNeighbor.png>
Package pdftex.def Info: 220192000NearestNeighbor.png used on input line 303.
(pdftex.def)             Requested size: 240.0pt x 163.31657pt.

! Undefined control sequence.
\@largefloatcheck ->\ifdim \ht \@currbox 
                                         >\textheight \@tempdima -\textheigh...
l.307         	\end{figure}
                           
The control sequence at the end of the top line
of your error message was never \def'ed. If you have
misspelled it (e.g., `\hobx'), type `I' and the correct
spelling (e.g., `I\hbox'). Otherwise just continue,
and I'll forget about whatever was undefined.

! Missing number, treated as zero.
<to be read again> 
                   >
l.307         	\end{figure}
                           
A number should have been here; I inserted `0'.
(If you can't figure out why I needed to see a number,
look up `weird error' in the index to The TeXbook.)

! Undefined control sequence.
<argument> \@currbox 
                     
l.307         	\end{figure}
                           
The control sequence at the end of the top line
of your error message was never \def'ed. If you have
misspelled it (e.g., `\hobx'), type `I' and the correct
spelling (e.g., `I\hbox'). Otherwise just continue,
and I'll forget about whatever was undefined.

! Missing number, treated as zero.
<to be read again> 
                   \@elt 
l.307         	\end{figure}
                           
A number should have been here; I inserted `0'.
(If you can't figure out why I needed to see a number,
look up `weird error' in the index to The TeXbook.)

! Missing = inserted for \ifnum.
<to be read again> 
                   \@elt 
l.307         	\end{figure}
                           
I was expecting to see `<', `=', or `>'. Didn't.

! Missing number, treated as zero.
<to be read again> 
                   \@elt 
l.307         	\end{figure}
                           
A number should have been here; I inserted `0'.
(If you can't figure out why I needed to see a number,
look up `weird error' in the index to The TeXbook.)


! LaTeX Error: This may be a LaTeX bug.

See the LaTeX manual or LaTeX Companion for explanation.
Type  H <return>  for immediate help.
 ...                                              
                                                  
l.307         	\end{figure}
                           
Call for help

! Undefined control sequence.
\@addmarginpar ...a <\z@ \global \setbox \@marbox 
                                                  \box \@currbox \fi \@tempd...
l.307         	\end{figure}
                           
The control sequence at the end of the top line
of your error message was never \def'ed. If you have
misspelled it (e.g., `\hobx'), type `I' and the correct
spelling (e.g., `I\hbox'). Otherwise just continue,
and I'll forget about whatever was undefined.

! Missing number, treated as zero.
<to be read again> 
                   \box 
l.307         	\end{figure}
                           
A number should have been here; I inserted `0'.
(If you can't figure out why I needed to see a number,
look up `weird error' in the index to The TeXbook.)

! Missing number, treated as zero.
<to be read again> 
                   \@elt 
l.307         	\end{figure}
                           
A number should have been here; I inserted `0'.
(If you can't figure out why I needed to see a number,
look up `weird error' in the index to The TeXbook.)

! Undefined control sequence.
\@addmarginpar ...advance \@tempdima \ht \@marbox 
                                                  \ifdim \@tempdima >\z@ \@l...
l.307         	\end{figure}
                           
The control sequence at the end of the top line
of your error message was never \def'ed. If you have
misspelled it (e.g., `\hobx'), type `I' and the correct
spelling (e.g., `I\hbox'). Otherwise just continue,
and I'll forget about whatever was undefined.

! Missing number, treated as zero.
<to be read again> 
                   \global 
l.307         	\end{figure}
                           
A number should have been here; I inserted `0'.
(If you can't figure out why I needed to see a number,
look up `weird error' in the index to The TeXbook.)

! Illegal unit of measure (pt inserted).
<to be read again> 
                   \global 
l.307         	\end{figure}
                           
Dimensions can be in units of em, ex, in, pt, pc,
cm, mm, dd, cc, nd, nc, bp, or sp; but yours is a new one!
I'll assume that you meant to say pt, for printer's points.
To recover gracefully from this error, it's best to
delete the erroneous units; e.g., type `2' to delete
two letters. (See Chapter 27 of The TeXbook.)

! Undefined control sequence.
\@addmarginpar ...vance \@mparbottom \dp \@marbox 
                                                  \global \advance \@mparbot...
l.307         	\end{figure}
                           
The control sequence at the end of the top line
of your error message was never \def'ed. If you have
misspelled it (e.g., `\hobx'), type `I' and the correct
spelling (e.g., `I\hbox'). Otherwise just continue,
and I'll forget about whatever was undefined.

! Missing number, treated as zero.
<to be read again> 
                   \global 
l.307         	\end{figure}
                           
A number should have been here; I inserted `0'.
(If you can't figure out why I needed to see a number,
look up `weird error' in the index to The TeXbook.)

! Undefined control sequence.
\@addmarginpar ...dvance \@tempdima -\ht \@marbox 
                                                  \global \setbox \@marbox \...
l.307         	\end{figure}
                           
The control sequence at the end of the top line
of your error message was never \def'ed. If you have
misspelled it (e.g., `\hobx'), type `I' and the correct
spelling (e.g., `I\hbox'). Otherwise just continue,
and I'll forget about whatever was undefined.

! Missing number, treated as zero.
<to be read again> 
                   \global 
l.307         	\end{figure}
                           
A number should have been here; I inserted `0'.
(If you can't figure out why I needed to see a number,
look up `weird error' in the index to The TeXbook.)

! Undefined control sequence.
\@addmarginpar ...marbox \global \setbox \@marbox 
                                                  \vbox {\vskip \@tempdima \...
l.307         	\end{figure}
                           
The control sequence at the end of the top line
of your error message was never \def'ed. If you have
misspelled it (e.g., `\hobx'), type `I' and the correct
spelling (e.g., `I\hbox'). Otherwise just continue,
and I'll forget about whatever was undefined.

! Missing number, treated as zero.
<to be read again> 
                   \vbox 
l.307         	\end{figure}
                           
A number should have been here; I inserted `0'.
(If you can't figure out why I needed to see a number,
look up `weird error' in the index to The TeXbook.)

! Undefined control sequence.
\@addmarginpar ...\vskip \@tempdima \box \@marbox 
                                                  }\global \ht \@marbox \z@ ...
l.307         	\end{figure}
                           
The control sequence at the end of the top line
of your error message was never \def'ed. If you have
misspelled it (e.g., `\hobx'), type `I' and the correct
spelling (e.g., `I\hbox'). Otherwise just continue,
and I'll forget about whatever was undefined.

! Missing number, treated as zero.
<to be read again> 
                   }
l.307         	\end{figure}
                           
A number should have been here; I inserted `0'.
(If you can't figure out why I needed to see a number,
look up `weird error' in the index to The TeXbook.)

! Undefined control sequence.
\@addmarginpar ... \@marbox }\global \ht \@marbox 
                                                  \z@ \global \dp \@marbox \...
l.307         	\end{figure}
                           
The control sequence at the end of the top line
of your error message was never \def'ed. If you have
misspelled it (e.g., `\hobx'), type `I' and the correct
spelling (e.g., `I\hbox'). Otherwise just continue,
and I'll forget about whatever was undefined.

! Missing number, treated as zero.
<to be read again> 
                   \global 
l.307         	\end{figure}
                           
A number should have been here; I inserted `0'.
(If you can't figure out why I needed to see a number,
look up `weird error' in the index to The TeXbook.)

! Illegal unit of measure (pt inserted).
<to be read again> 
                   \global 
l.307         	\end{figure}
                           
Dimensions can be in units of em, ex, in, pt, pc,
cm, mm, dd, cc, nd, nc, bp, or sp; but yours is a new one!
I'll assume that you meant to say pt, for printer's points.
To recover gracefully from this error, it's best to
delete the erroneous units; e.g., type `2' to delete
two letters. (See Chapter 27 of The TeXbook.)

! Undefined control sequence.
\@addmarginpar ...marbox \z@ \global \dp \@marbox 
                                                  \z@ \kern -\@pagedp \noint...
l.307         	\end{figure}
                           
The control sequence at the end of the top line
of your error message was never \def'ed. If you have
misspelled it (e.g., `\hobx'), type `I' and the correct
spelling (e.g., `I\hbox'). Otherwise just continue,
and I'll forget about whatever was undefined.

! Missing number, treated as zero.
<to be read again> 
                   \kern 
l.307         	\end{figure}
                           
A number should have been here; I inserted `0'.
(If you can't figure out why I needed to see a number,
look up `weird error' in the index to The TeXbook.)

! Illegal unit of measure (pt inserted).
<to be read again> 
                   \kern 
l.307         	\end{figure}
                           
Dimensions can be in units of em, ex, in, pt, pc,
cm, mm, dd, cc, nd, nc, bp, or sp; but yours is a new one!
I'll assume that you meant to say pt, for printer's points.
To recover gracefully from this error, it's best to
delete the erroneous units; e.g., type `2' to delete
two letters. (See Chapter 27 of The TeXbook.)

! Undefined control sequence.
\@addmarginpar ...arginparwidth \fi \box \@marbox 
                                                  \hss }\nointerlineskip \hb...
l.307         	\end{figure}
                           
The control sequence at the end of the top line
of your error message was never \def'ed. If you have
misspelled it (e.g., `\hobx'), type `I' and the correct
spelling (e.g., `I\hbox'). Otherwise just continue,
and I'll forget about whatever was undefined.

! Missing number, treated as zero.
<to be read again> 
                   \hss 
l.307         	\end{figure}
                           
A number should have been here; I inserted `0'.
(If you can't figure out why I needed to see a number,
look up `weird error' in the index to The TeXbook.)

Package atveryend Info: Empty hook `BeforeClearDocument' on input line 310.
LaTeX Font Info:    Try loading font information for TS1+ntxtlf on input line 3
10.
(/usr/local/texlive/2015/texmf-dist/tex/latex/newtx/ts1ntxtlf.fd
File: ts1ntxtlf.fd 2015/01/18 v1.0 fd file for TS1/ntxtlf
)
LaTeX Font Info:    Font shape `TS1/ntxtlf/m/n' will be
(Font)              scaled to size 8.0pt on input line 310.
 [1{/usr/local/texlive/2015/texmf-var/fonts/map/pdftex/updmap/pdftex.map}


pdfTeX warning (ext4): destination with the same identifier (name{figure.18}) h
as been already used, duplicate ignored

\AtBegShi@Output ...ipout \box \AtBeginShipoutBox 
                                                  \fi \fi 
l.310 \end{document}
                    

 <./220235253NearestNeighbor.png> <./220192000NearestNeighbor.png>]
Underfull \vbox (badness 10000) has occurred while \output is active []

LaTeX Font Info:    Font shape `T1/ntxtlf/m/n' will be
(Font)              scaled to size 12.0pt on input line 310.
LaTeX Font Info:    Font shape `T1/ntxtlf/m/it' will be
(Font)              scaled to size 12.0pt on input line 310.
LaTeX Font Info:    Font shape `T1/ntxtlf/m/n' will be
(Font)              scaled to size 8.8pt on input line 310.
LaTeX Font Info:    Font shape `T1/ntxtlf/m/n' will be
(Font)              scaled to size 6.6pt on input line 310.

Overfull \hbox (1236.38695pt too wide) has occurred while \output is active
\T1/ntxtlf/m/n/12 2  \T1/ntxtlf/m/it/12 Jackeline Moreno,$[]$E-mail: jm3663@dre
xel.edu Jack O'Brien,$[]$ Michael S. Vogeley$[]$ Gordan T. Richards$[]$ and Vis
hal Kasliwal$[]$ $[]$Drexel University, 3141 Chestnut Ave, Philadelphia, Pensyl
vania 19104, USA $[]$University of Pensylvania , Street Address, Philadelphia, 
Pensylvania 19104, USA $[]$Princeton, Different Institution, Street Address, Pr
inceton, New Jersey, USA  
 []

[2pdfTeX warning (ext4): destination with the same identifier (name{figure.1}) 
has been already used, duplicate ignored

\AtBegShi@Output ...ipout \box \AtBeginShipoutBox 
                                                  \fi \fi 
l.310 \end{document}
                    pdfTeX warning (ext4): destination with the same identifier
 (name{figure.2}) has been already used, duplicate ignored

\AtBegShi@Output ...ipout \box \AtBeginShipoutBox 
                                                  \fi \fi 
l.310 \end{document}
                     <./220173631NearestNeighbor.png> <./220224214NearestNeighb
or.png> <./220224988NearestNeighbor.png> <./220212788NearestNeighbor.png> <./22
0205720NearestNeighbor.png> <./220210247NearestNeighbor.png>] [3pdfTeX warning 
(ext4): destination with the same identifier (name{figure.3}) has been already 
used, duplicate ignored

\AtBegShi@Output ...ipout \box \AtBeginShipoutBox 
                                                  \fi \fi 
l.310 \end{document}
                     <./220212670NearestNeighbor.png> <./220211159NearestNeighb
or.png> <./220212877NearestNeighbor.png> <./220230533NearestNeighbor.png> <./22
0218833NearestNeighbor.png> <./220193243NearestNeighbor.png>]
Overfull \hbox (1236.38695pt too wide) has occurred while \output is active
\T1/ntxtlf/m/n/12 4  \T1/ntxtlf/m/it/12 Jackeline Moreno,$[]$E-mail: jm3663@dre
xel.edu Jack O'Brien,$[]$ Michael S. Vogeley$[]$ Gordan T. Richards$[]$ and Vis
hal Kasliwal$[]$ $[]$Drexel University, 3141 Chestnut Ave, Philadelphia, Pensyl
vania 19104, USA $[]$University of Pensylvania , Street Address, Philadelphia, 
Pensylvania 19104, USA $[]$Princeton, Different Institution, Street Address, Pr
inceton, New Jersey, USA  
 []

[4pdfTeX warning (ext4): destination with the same identifier (name{figure.4}) 
has been already used, duplicate ignored

\AtBegShi@Output ...ipout \box \AtBeginShipoutBox 
                                                  \fi \fi 
l.310 \end{document}
                    pdfTeX warning (ext4): destination with the same identifier
 (name{figure.5}) has been already used, duplicate ignored

\AtBegShi@Output ...ipout \box \AtBeginShipoutBox 
                                                  \fi \fi 
l.310 \end{document}
                     <./220184207NearestNeighbor.png> <./220179771NearestNeighb
or.png> <./220180147NearestNeighbor.png> <./220171966NearestNeighbor.png> <./22
0235527NearestNeighbor.png> <./220226374NearestNeighbor.png>] [5pdfTeX warning 
(ext4): destination with the same identifier (name{figure.6}) has been already 
used, duplicate ignored

\AtBegShi@Output ...ipout \box \AtBeginShipoutBox 
                                                  \fi \fi 
l.310 \end{document}
                    pdfTeX warning (ext4): destination with the same identifier
 (name{figure.7}) has been already used, duplicate ignored

\AtBegShi@Output ...ipout \box \AtBeginShipoutBox 
                                                  \fi \fi 
l.310 \end{document}
                     <./220220757NearestNeighbor.png> <./220178559NearestNeighb
or.png> <./220227863NearestNeighbor.png> <./220176624NearestNeighbor.png> <./22
0191502NearestNeighbor.png> <./220185866NearestNeighbor.png>]
Overfull \hbox (1236.38695pt too wide) has occurred while \output is active
\T1/ntxtlf/m/n/12 6  \T1/ntxtlf/m/it/12 Jackeline Moreno,$[]$E-mail: jm3663@dre
xel.edu Jack O'Brien,$[]$ Michael S. Vogeley$[]$ Gordan T. Richards$[]$ and Vis
hal Kasliwal$[]$ $[]$Drexel University, 3141 Chestnut Ave, Philadelphia, Pensyl
vania 19104, USA $[]$University of Pensylvania , Street Address, Philadelphia, 
Pensylvania 19104, USA $[]$Princeton, Different Institution, Street Address, Pr
inceton, New Jersey, USA  
 []

[6pdfTeX warning (ext4): destination with the same identifier (name{figure.8}) 
has been already used, duplicate ignored

\AtBegShi@Output ...ipout \box \AtBeginShipoutBox 
                                                  \fi \fi 
l.310 \end{document}
                    pdfTeX warning (ext4): destination with the same identifier
 (name{figure.9}) has been already used, duplicate ignored

\AtBegShi@Output ...ipout \box \AtBeginShipoutBox 
                                                  \fi \fi 
l.310 \end{document}
                     <./220211954NearestNeighbor.png> <./220191716NearestNeighb
or.png> <./220185768NearestNeighbor.png> <./220184071NearestNeighbor.png> <./22
0173771NearestNeighbor.png> <./220176915NearestNeighbor.png>] [7pdfTeX warning 
(ext4): destination with the same identifier (name{figure.10}) has been already
 used, duplicate ignored

\AtBegShi@Output ...ipout \box \AtBeginShipoutBox 
                                                  \fi \fi 
l.310 \end{document}
                    pdfTeX warning (ext4): destination with the same identifier
 (name{figure.11}) has been already used, duplicate ignored

\AtBegShi@Output ...ipout \box \AtBeginShipoutBox 
                                                  \fi \fi 
l.310 \end{document}
                     <./220181935NearestNeighbor.png> <./220213949NearestNeighb
or.png> <./220175559NearestNeighbor.png> <./220207878NearestNeighbor.png> <./22
0209516NearestNeighbor.png> <./220235246NearestNeighbor.png>]
Overfull \hbox (1236.38695pt too wide) has occurred while \output is active
\T1/ntxtlf/m/n/12 8  \T1/ntxtlf/m/it/12 Jackeline Moreno,$[]$E-mail: jm3663@dre
xel.edu Jack O'Brien,$[]$ Michael S. Vogeley$[]$ Gordan T. Richards$[]$ and Vis
hal Kasliwal$[]$ $[]$Drexel University, 3141 Chestnut Ave, Philadelphia, Pensyl
vania 19104, USA $[]$University of Pensylvania , Street Address, Philadelphia, 
Pensylvania 19104, USA $[]$Princeton, Different Institution, Street Address, Pr
inceton, New Jersey, USA  
 []

[8pdfTeX warning (ext4): destination with the same identifier (name{figure.12})
 has been already used, duplicate ignored

\AtBegShi@Output ...ipout \box \AtBeginShipoutBox 
                                                  \fi \fi 
l.310 \end{document}
                    pdfTeX warning (ext4): destination with the same identifier
 (name{figure.13}) has been already used, duplicate ignored

\AtBegShi@Output ...ipout \box \AtBeginShipoutBox 
                                                  \fi \fi 
l.310 \end{document}
                     <./220175772NearestNeighbor.png> <./220200640NearestNeighb
or.png> <./220216746NearestNeighbor.png> <./220217645NearestNeighbor.png> <./22
0168966NearestNeighbor.png> <./220169790NearestNeighbor.png>] [9pdfTeX warning 
(ext4): destination with the same identifier (name{figure.14}) has been already
 used, duplicate ignored

\AtBegShi@Output ...ipout \box \AtBeginShipoutBox 
                                                  \fi \fi 
l.310 \end{document}
                    pdfTeX warning (ext4): destination with the same identifier
 (name{figure.15}) has been already used, duplicate ignored

\AtBegShi@Output ...ipout \box \AtBeginShipoutBox 
                                                  \fi \fi 
l.310 \end{document}
                     <./220192213NearestNeighbor.png> <./220228959NearestNeighb
or.png> <./220181977NearestNeighbor.png> <./220225692NearestNeighbor.png> <./22
0233020NearestNeighbor.png> <./220216359NearestNeighbor.png>]
Overfull \hbox (1242.38695pt too wide) has occurred while \output is active
\T1/ntxtlf/m/n/12 10  \T1/ntxtlf/m/it/12 Jackeline Moreno,$[]$E-mail: jm3663@dr
exel.edu Jack O'Brien,$[]$ Michael S. Vogeley$[]$ Gordan T. Richards$[]$ and Vi
shal Kasliwal$[]$ $[]$Drexel University, 3141 Chestnut Ave, Philadelphia, Pensy
lvania 19104, USA $[]$University of Pensylvania , Street Address, Philadelphia,
 Pensylvania 19104, USA $[]$Princeton, Different Institution, Street Address, P
rinceton, New Jersey, USA  
 []

[10pdfTeX warning (ext4): destination with the same identifier (name{figure.16}
) has been already used, duplicate ignored

\AtBegShi@Output ...ipout \box \AtBeginShipoutBox 
                                                  \fi \fi 
l.310 \end{document}
                    

 <./220220452NearestNeighbor.png> <./220198775NearestNeighbor.png> <./220209831
NearestNeighbor.png>]
Package atveryend Info: Empty hook `AfterLastShipout' on input line 310.
 (./nearestStars.aux)
Package atveryend Info: Empty hook `AtVeryEndDocument' on input line 310.
Package atveryend Info: Executing hook `AtEndAfterFileList' on input line 310.
Package rerunfilecheck Info: File `nearestStars.out' has not changed.
(rerunfilecheck)             Checksum: D41D8CD98F00B204E9800998ECF8427E;0.


LaTeX Font Warning: Size substitutions with differences
(Font)              up to 0.5pt have occurred.


LaTeX Warning: There were multiply-defined labels.

Package atveryend Info: Empty hook `AtVeryVeryEnd' on input line 310.
 )
(\end occurred when \ifnum on line 296 was incomplete)
(\end occurred when \ifnum on line 296 was incomplete)
(\end occurred when \ifx on line 296 was incomplete)
(\end occurred when \ifnum on line 296 was incomplete)
(\end occurred when \ifnum on line 296 was incomplete)
(\end occurred when \ifnum on line 296 was incomplete)
(\end occurred when \ifnum on line 296 was incomplete)
(\end occurred when \ifnum on line 296 was incomplete) 
Here is how much of TeX's memory you used:
 9611 strings out of 493089
 139956 string characters out of 6134842
 221862 words of memory out of 5000000
 12840 multiletter control sequences out of 15000+600000
 85326 words of font info for 133 fonts, out of 8000000 for 9000
 1141 hyphenation exceptions out of 8191
 36i,15n,35p,950b,381s stack positions out of 5000i,500n,10000p,200000b,80000s
pdfTeX warning (dest): na
me{Hfootnote.1} has been referenced but does not exist, replaced by a fixed one


{/usr/local/texlive/2015/texmf-dist/fonts/enc/dvips/tex-gyre/q-ts1.enc}{/usr/lo
cal/texlive/2015/texmf-dist/fonts/enc/dvips/newtx/ntx-ec-tlf.enc}</usr/local/te
xlive/2015/texmf-dist/fonts/type1/public/tex-gyre/qtmb.pfb></usr/local/texlive/
2015/texmf-dist/fonts/type1/public/tex-gyre/qtmr.pfb></usr/local/texlive/2015/t
exmf-dist/fonts/type1/public/tex-gyre/qtmri.pfb></usr/local/texlive/2015/texmf-
dist/fonts/type1/public/txfonts/rtxmi.pfb>
Output written on nearestStars.pdf (10 pages, 30959128 bytes).
PDF statistics:
 205 PDF objects out of 1000 (max. 8388607)
 79 compressed objects within 1 object stream
 29 named destinations out of 1000 (max. 500000)
 281 words of extra memory for PDF output out of 10000 (max. 10000000)

